[2025-07-30T00:05:40.124075] Erro ao processar: https://fbref.comhttps://fbref.com/en/comps/8/UEFA-Champions-League-Stats
  Detalhe: Message: unknown error: net::ERR_NAME_NOT_RESOLVED
  (Session info: chrome=138.0.7204.169)
Stacktrace:
	GetHandleVerifier [0x0xc7ba83+63395]
	GetHandleVerifier [0x0xc7bac4+63460]
	(No symbol) [0x0xac2113]
	(No symbol) [0x0xabf84b]
	(No symbol) [0x0xab30c2]
	(No symbol) [0x0xab4af5]
	(No symbol) [0x0xab3358]
	(No symbol) [0x0xab2e93]
	(No symbol) [0x0xab2ba1]
	(No symbol) [0x0xab0b44]
	(No symbol) [0x0xab14eb]
	(No symbol) [0x0xac5b3e]
	(No symbol) [0x0xb51387]
	(No symbol) [0x0xb2f3ac]
	(No symbol) [0x0xb507ba]
	(No symbol) [0x0xb2f1a6]
	(No symbol) [0x0xafe7b2]
	(No symbol) [0x0xaff654]
	GetHandleVerifier [0x0xef8883+2672035]
	GetHandleVerifier [0x0xef3cba+2652634]
	GetHandleVerifier [0x0xca2bca+223466]
	GetHandleVerifier [0x0xc92cb8+158168]
	GetHandleVerifier [0x0xc9978d+185517]
	GetHandleVerifier [0x0xc83b78+96408]
	GetHandleVerifier [0x0xc83d02+96802]
	GetHandleVerifier [0x0xc6e90a+9770]
	BaseThreadInitThunk [0x0x76275d49+25]
	RtlInitializeExceptionChain [0x0x7757d1ab+107]
	RtlGetAppContainerNamedObjectPath [0x0x7757d131+561]


[2025-07-30T00:05:43.193534] Erro ao processar: https://fbref.comhttps://fbref.com/en/comps/14/Copa-Libertadores-Stats
  Detalhe: Message: unknown error: net::ERR_NAME_NOT_RESOLVED
  (Session info: chrome=138.0.7204.169)
Stacktrace:
	GetHandleVerifier [0x0xc7ba83+63395]
	GetHandleVerifier [0x0xc7bac4+63460]
	(No symbol) [0x0xac2113]
	(No symbol) [0x0xabf84b]
	(No symbol) [0x0xab30c2]
	(No symbol) [0x0xab4af5]
	(No symbol) [0x0xab3358]
	(No symbol) [0x0xab2e93]
	(No symbol) [0x0xab2ba1]
	(No symbol) [0x0xab0b44]
	(No symbol) [0x0xab14eb]
	(No symbol) [0x0xac5b3e]
	(No symbol) [0x0xb51387]
	(No symbol) [0x0xb2f3ac]
	(No symbol) [0x0xb507ba]
	(No symbol) [0x0xb2f1a6]
	(No symbol) [0x0xafe7b2]
	(No symbol) [0x0xaff654]
	GetHandleVerifier [0x0xef8883+2672035]
	GetHandleVerifier [0x0xef3cba+2652634]
	GetHandleVerifier [0x0xca2bca+223466]
	GetHandleVerifier [0x0xc92cb8+158168]
	GetHandleVerifier [0x0xc9978d+185517]
	GetHandleVerifier [0x0xc83b78+96408]
	GetHandleVerifier [0x0xc83d02+96802]
	GetHandleVerifier [0x0xc6e90a+9770]
	BaseThreadInitThunk [0x0x76275d49+25]
	RtlInitializeExceptionChain [0x0x7757d1ab+107]
	RtlGetAppContainerNamedObjectPath [0x0x7757d131+561]


[2025-07-30T00:16:21.836905] Erro ao processar: https://fbref.comhttps://fbref.com/en/comps/8/UEFA-Champions-League-Stats
  Detalhe: Message: unknown error: net::ERR_NAME_NOT_RESOLVED
  (Session info: chrome=138.0.7204.169)
Stacktrace:
	GetHandleVerifier [0x0x50ba83+63395]
	GetHandleVerifier [0x0x50bac4+63460]
	(No symbol) [0x0x352113]
	(No symbol) [0x0x34f84b]
	(No symbol) [0x0x3430c2]
	(No symbol) [0x0x344af5]
	(No symbol) [0x0x343358]
	(No symbol) [0x0x342e93]
	(No symbol) [0x0x342ba1]
	(No symbol) [0x0x340b44]
	(No symbol) [0x0x3414eb]
	(No symbol) [0x0x355b3e]
	(No symbol) [0x0x3e1387]
	(No symbol) [0x0x3bf3ac]
	(No symbol) [0x0x3e07ba]
	(No symbol) [0x0x3bf1a6]
	(No symbol) [0x0x38e7b2]
	(No symbol) [0x0x38f654]
	GetHandleVerifier [0x0x788883+2672035]
	GetHandleVerifier [0x0x783cba+2652634]
	GetHandleVerifier [0x0x532bca+223466]
	GetHandleVerifier [0x0x522cb8+158168]
	GetHandleVerifier [0x0x52978d+185517]
	GetHandleVerifier [0x0x513b78+96408]
	GetHandleVerifier [0x0x513d02+96802]
	GetHandleVerifier [0x0x4fe90a+9770]
	BaseThreadInitThunk [0x0x76275d49+25]
	RtlInitializeExceptionChain [0x0x7757d1ab+107]
	RtlGetAppContainerNamedObjectPath [0x0x7757d131+561]


[2025-07-30T00:16:24.974310] Erro ao processar: https://fbref.comhttps://fbref.com/en/comps/14/Copa-Libertadores-Stats
  Detalhe: Message: unknown error: net::ERR_NAME_NOT_RESOLVED
  (Session info: chrome=138.0.7204.169)
Stacktrace:
	GetHandleVerifier [0x0x50ba83+63395]
	GetHandleVerifier [0x0x50bac4+63460]
	(No symbol) [0x0x352113]
	(No symbol) [0x0x34f84b]
	(No symbol) [0x0x3430c2]
	(No symbol) [0x0x344af5]
	(No symbol) [0x0x343358]
	(No symbol) [0x0x342e93]
	(No symbol) [0x0x342ba1]
	(No symbol) [0x0x340b44]
	(No symbol) [0x0x3414eb]
	(No symbol) [0x0x355b3e]
	(No symbol) [0x0x3e1387]
	(No symbol) [0x0x3bf3ac]
	(No symbol) [0x0x3e07ba]
	(No symbol) [0x0x3bf1a6]
	(No symbol) [0x0x38e7b2]
	(No symbol) [0x0x38f654]
	GetHandleVerifier [0x0x788883+2672035]
	GetHandleVerifier [0x0x783cba+2652634]
	GetHandleVerifier [0x0x532bca+223466]
	GetHandleVerifier [0x0x522cb8+158168]
	GetHandleVerifier [0x0x52978d+185517]
	GetHandleVerifier [0x0x513b78+96408]
	GetHandleVerifier [0x0x513d02+96802]
	GetHandleVerifier [0x0x4fe90a+9770]
	BaseThreadInitThunk [0x0x76275d49+25]
	RtlInitializeExceptionChain [0x0x7757d1ab+107]
	RtlGetAppContainerNamedObjectPath [0x0x7757d131+561]


[2025-07-30T07:37:43.476417] Erro ao processar: https://fbref.comhttps://fbref.com/en/comps/8/UEFA-Champions-League-Stats
  Detalhe: Message: unknown error: net::ERR_NAME_NOT_RESOLVED
  (Session info: chrome=138.0.7204.169)
Stacktrace:
	GetHandleVerifier [0x0x50ba83+63395]
	GetHandleVerifier [0x0x50bac4+63460]
	(No symbol) [0x0x352113]
	(No symbol) [0x0x34f84b]
	(No symbol) [0x0x3430c2]
	(No symbol) [0x0x344af5]
	(No symbol) [0x0x343358]
	(No symbol) [0x0x342e93]
	(No symbol) [0x0x342ba1]
	(No symbol) [0x0x340b44]
	(No symbol) [0x0x3414eb]
	(No symbol) [0x0x355b3e]
	(No symbol) [0x0x3e1387]
	(No symbol) [0x0x3bf3ac]
	(No symbol) [0x0x3e07ba]
	(No symbol) [0x0x3bf1a6]
	(No symbol) [0x0x38e7b2]
	(No symbol) [0x0x38f654]
	GetHandleVerifier [0x0x788883+2672035]
	GetHandleVerifier [0x0x783cba+2652634]
	GetHandleVerifier [0x0x532bca+223466]
	GetHandleVerifier [0x0x522cb8+158168]
	GetHandleVerifier [0x0x52978d+185517]
	GetHandleVerifier [0x0x513b78+96408]
	GetHandleVerifier [0x0x513d02+96802]
	GetHandleVerifier [0x0x4fe90a+9770]
	BaseThreadInitThunk [0x0x76275d49+25]
	RtlInitializeExceptionChain [0x0x7757d1ab+107]
	RtlGetAppContainerNamedObjectPath [0x0x7757d131+561]


[2025-07-30T07:37:46.639457] Erro ao processar: https://fbref.comhttps://fbref.com/en/comps/14/Copa-Libertadores-Stats
  Detalhe: Message: unknown error: net::ERR_NAME_NOT_RESOLVED
  (Session info: chrome=138.0.7204.169)
Stacktrace:
	GetHandleVerifier [0x0x50ba83+63395]
	GetHandleVerifier [0x0x50bac4+63460]
	(No symbol) [0x0x352113]
	(No symbol) [0x0x34f84b]
	(No symbol) [0x0x3430c2]
	(No symbol) [0x0x344af5]
	(No symbol) [0x0x343358]
	(No symbol) [0x0x342e93]
	(No symbol) [0x0x342ba1]
	(No symbol) [0x0x340b44]
	(No symbol) [0x0x3414eb]
	(No symbol) [0x0x355b3e]
	(No symbol) [0x0x3e1387]
	(No symbol) [0x0x3bf3ac]
	(No symbol) [0x0x3e07ba]
	(No symbol) [0x0x3bf1a6]
	(No symbol) [0x0x38e7b2]
	(No symbol) [0x0x38f654]
	GetHandleVerifier [0x0x788883+2672035]
	GetHandleVerifier [0x0x783cba+2652634]
	GetHandleVerifier [0x0x532bca+223466]
	GetHandleVerifier [0x0x522cb8+158168]
	GetHandleVerifier [0x0x52978d+185517]
	GetHandleVerifier [0x0x513b78+96408]
	GetHandleVerifier [0x0x513d02+96802]
	GetHandleVerifier [0x0x4fe90a+9770]
	BaseThreadInitThunk [0x0x76275d49+25]
	RtlInitializeExceptionChain [0x0x7757d1ab+107]
	RtlGetAppContainerNamedObjectPath [0x0x7757d131+561]


[2025-07-30T08:30:28.030051] Erro ao processar: https://fbref.comhttps://fbref.com/en/comps/8/UEFA-Champions-League-Stats
  Detalhe: Message: unknown error: net::ERR_NAME_NOT_RESOLVED
  (Session info: chrome=138.0.7204.169)
Stacktrace:
	GetHandleVerifier [0x0x50ba83+63395]
	GetHandleVerifier [0x0x50bac4+63460]
	(No symbol) [0x0x352113]
	(No symbol) [0x0x34f84b]
	(No symbol) [0x0x3430c2]
	(No symbol) [0x0x344af5]
	(No symbol) [0x0x343358]
	(No symbol) [0x0x342e93]
	(No symbol) [0x0x342ba1]
	(No symbol) [0x0x340b44]
	(No symbol) [0x0x3414eb]
	(No symbol) [0x0x355b3e]
	(No symbol) [0x0x3e1387]
	(No symbol) [0x0x3bf3ac]
	(No symbol) [0x0x3e07ba]
	(No symbol) [0x0x3bf1a6]
	(No symbol) [0x0x38e7b2]
	(No symbol) [0x0x38f654]
	GetHandleVerifier [0x0x788883+2672035]
	GetHandleVerifier [0x0x783cba+2652634]
	GetHandleVerifier [0x0x532bca+223466]
	GetHandleVerifier [0x0x522cb8+158168]
	GetHandleVerifier [0x0x52978d+185517]
	GetHandleVerifier [0x0x513b78+96408]
	GetHandleVerifier [0x0x513d02+96802]
	GetHandleVerifier [0x0x4fe90a+9770]
	BaseThreadInitThunk [0x0x76275d49+25]
	RtlInitializeExceptionChain [0x0x7757d1ab+107]
	RtlGetAppContainerNamedObjectPath [0x0x7757d131+561]


[2025-07-30T08:30:31.186539] Erro ao processar: https://fbref.comhttps://fbref.com/en/comps/14/Copa-Libertadores-Stats
  Detalhe: Message: unknown error: net::ERR_NAME_NOT_RESOLVED
  (Session info: chrome=138.0.7204.169)
Stacktrace:
	GetHandleVerifier [0x0x50ba83+63395]
	GetHandleVerifier [0x0x50bac4+63460]
	(No symbol) [0x0x352113]
	(No symbol) [0x0x34f84b]
	(No symbol) [0x0x3430c2]
	(No symbol) [0x0x344af5]
	(No symbol) [0x0x343358]
	(No symbol) [0x0x342e93]
	(No symbol) [0x0x342ba1]
	(No symbol) [0x0x340b44]
	(No symbol) [0x0x3414eb]
	(No symbol) [0x0x355b3e]
	(No symbol) [0x0x3e1387]
	(No symbol) [0x0x3bf3ac]
	(No symbol) [0x0x3e07ba]
	(No symbol) [0x0x3bf1a6]
	(No symbol) [0x0x38e7b2]
	(No symbol) [0x0x38f654]
	GetHandleVerifier [0x0x788883+2672035]
	GetHandleVerifier [0x0x783cba+2652634]
	GetHandleVerifier [0x0x532bca+223466]
	GetHandleVerifier [0x0x522cb8+158168]
	GetHandleVerifier [0x0x52978d+185517]
	GetHandleVerifier [0x0x513b78+96408]
	GetHandleVerifier [0x0x513d02+96802]
	GetHandleVerifier [0x0x4fe90a+9770]
	BaseThreadInitThunk [0x0x76275d49+25]
	RtlInitializeExceptionChain [0x0x7757d1ab+107]
	RtlGetAppContainerNamedObjectPath [0x0x7757d131+561]


[2025-07-30T12:23:14.234167] Erro ao processar: https://fbref.comhttps://fbref.com/en/comps/8/UEFA-Champions-League-Stats
  Detalhe: Message: unknown error: net::ERR_NAME_NOT_RESOLVED
  (Session info: chrome=138.0.7204.169)
Stacktrace:
	GetHandleVerifier [0x0x50ba83+63395]
	GetHandleVerifier [0x0x50bac4+63460]
	(No symbol) [0x0x352113]
	(No symbol) [0x0x34f84b]
	(No symbol) [0x0x3430c2]
	(No symbol) [0x0x344af5]
	(No symbol) [0x0x343358]
	(No symbol) [0x0x342e93]
	(No symbol) [0x0x342ba1]
	(No symbol) [0x0x340b44]
	(No symbol) [0x0x3414eb]
	(No symbol) [0x0x355b3e]
	(No symbol) [0x0x3e1387]
	(No symbol) [0x0x3bf3ac]
	(No symbol) [0x0x3e07ba]
	(No symbol) [0x0x3bf1a6]
	(No symbol) [0x0x38e7b2]
	(No symbol) [0x0x38f654]
	GetHandleVerifier [0x0x788883+2672035]
	GetHandleVerifier [0x0x783cba+2652634]
	GetHandleVerifier [0x0x532bca+223466]
	GetHandleVerifier [0x0x522cb8+158168]
	GetHandleVerifier [0x0x52978d+185517]
	GetHandleVerifier [0x0x513b78+96408]
	GetHandleVerifier [0x0x513d02+96802]
	GetHandleVerifier [0x0x4fe90a+9770]
	BaseThreadInitThunk [0x0x76275d49+25]
	RtlInitializeExceptionChain [0x0x7757d1ab+107]
	RtlGetAppContainerNamedObjectPath [0x0x7757d131+561]


[2025-07-30T12:23:17.420471] Erro ao processar: https://fbref.comhttps://fbref.com/en/comps/14/Copa-Libertadores-Stats
  Detalhe: Message: unknown error: net::ERR_NAME_NOT_RESOLVED
  (Session info: chrome=138.0.7204.169)
Stacktrace:
	GetHandleVerifier [0x0x50ba83+63395]
	GetHandleVerifier [0x0x50bac4+63460]
	(No symbol) [0x0x352113]
	(No symbol) [0x0x34f84b]
	(No symbol) [0x0x3430c2]
	(No symbol) [0x0x344af5]
	(No symbol) [0x0x343358]
	(No symbol) [0x0x342e93]
	(No symbol) [0x0x342ba1]
	(No symbol) [0x0x340b44]
	(No symbol) [0x0x3414eb]
	(No symbol) [0x0x355b3e]
	(No symbol) [0x0x3e1387]
	(No symbol) [0x0x3bf3ac]
	(No symbol) [0x0x3e07ba]
	(No symbol) [0x0x3bf1a6]
	(No symbol) [0x0x38e7b2]
	(No symbol) [0x0x38f654]
	GetHandleVerifier [0x0x788883+2672035]
	GetHandleVerifier [0x0x783cba+2652634]
	GetHandleVerifier [0x0x532bca+223466]
	GetHandleVerifier [0x0x522cb8+158168]
	GetHandleVerifier [0x0x52978d+185517]
	GetHandleVerifier [0x0x513b78+96408]
	GetHandleVerifier [0x0x513d02+96802]
	GetHandleVerifier [0x0x4fe90a+9770]
	BaseThreadInitThunk [0x0x76275d49+25]
	RtlInitializeExceptionChain [0x0x7757d1ab+107]
	RtlGetAppContainerNamedObjectPath [0x0x7757d131+561]


[2025-07-30T13:36:55.548620] Erro ao processar: https://fbref.comhttps://fbref.com/en/comps/8/UEFA-Champions-League-Stats
  Detalhe: Message: unknown error: net::ERR_NAME_NOT_RESOLVED
  (Session info: chrome=138.0.7204.169)
Stacktrace:
	GetHandleVerifier [0x0x50ba83+63395]
	GetHandleVerifier [0x0x50bac4+63460]
	(No symbol) [0x0x352113]
	(No symbol) [0x0x34f84b]
	(No symbol) [0x0x3430c2]
	(No symbol) [0x0x344af5]
	(No symbol) [0x0x343358]
	(No symbol) [0x0x342e93]
	(No symbol) [0x0x342ba1]
	(No symbol) [0x0x340b44]
	(No symbol) [0x0x3414eb]
	(No symbol) [0x0x355b3e]
	(No symbol) [0x0x3e1387]
	(No symbol) [0x0x3bf3ac]
	(No symbol) [0x0x3e07ba]
	(No symbol) [0x0x3bf1a6]
	(No symbol) [0x0x38e7b2]
	(No symbol) [0x0x38f654]
	GetHandleVerifier [0x0x788883+2672035]
	GetHandleVerifier [0x0x783cba+2652634]
	GetHandleVerifier [0x0x532bca+223466]
	GetHandleVerifier [0x0x522cb8+158168]
	GetHandleVerifier [0x0x52978d+185517]
	GetHandleVerifier [0x0x513b78+96408]
	GetHandleVerifier [0x0x513d02+96802]
	GetHandleVerifier [0x0x4fe90a+9770]
	BaseThreadInitThunk [0x0x76275d49+25]
	RtlInitializeExceptionChain [0x0x7757d1ab+107]
	RtlGetAppContainerNamedObjectPath [0x0x7757d131+561]


[2025-07-30T13:36:58.734547] Erro ao processar: https://fbref.comhttps://fbref.com/en/comps/14/Copa-Libertadores-Stats
  Detalhe: Message: unknown error: net::ERR_NAME_NOT_RESOLVED
  (Session info: chrome=138.0.7204.169)
Stacktrace:
	GetHandleVerifier [0x0x50ba83+63395]
	GetHandleVerifier [0x0x50bac4+63460]
	(No symbol) [0x0x352113]
	(No symbol) [0x0x34f84b]
	(No symbol) [0x0x3430c2]
	(No symbol) [0x0x344af5]
	(No symbol) [0x0x343358]
	(No symbol) [0x0x342e93]
	(No symbol) [0x0x342ba1]
	(No symbol) [0x0x340b44]
	(No symbol) [0x0x3414eb]
	(No symbol) [0x0x355b3e]
	(No symbol) [0x0x3e1387]
	(No symbol) [0x0x3bf3ac]
	(No symbol) [0x0x3e07ba]
	(No symbol) [0x0x3bf1a6]
	(No symbol) [0x0x38e7b2]
	(No symbol) [0x0x38f654]
	GetHandleVerifier [0x0x788883+2672035]
	GetHandleVerifier [0x0x783cba+2652634]
	GetHandleVerifier [0x0x532bca+223466]
	GetHandleVerifier [0x0x522cb8+158168]
	GetHandleVerifier [0x0x52978d+185517]
	GetHandleVerifier [0x0x513b78+96408]
	GetHandleVerifier [0x0x513d02+96802]
	GetHandleVerifier [0x0x4fe90a+9770]
	BaseThreadInitThunk [0x0x76275d49+25]
	RtlInitializeExceptionChain [0x0x7757d1ab+107]
	RtlGetAppContainerNamedObjectPath [0x0x7757d131+561]


[2025-07-31T14:34:20.169944] Erro ao processar: https://fbref.comhttps://fbref.com/en/comps/8/UEFA-Champions-League-Stats
  Detalhe: Message: unknown error: net::ERR_NAME_NOT_RESOLVED
  (Session info: chrome=138.0.7204.183)
Stacktrace:
	GetHandleVerifier [0x0xf2ba83+63395]
	GetHandleVerifier [0x0xf2bac4+63460]
	(No symbol) [0x0xd72113]
	(No symbol) [0x0xd6f84b]
	(No symbol) [0x0xd630c2]
	(No symbol) [0x0xd64af5]
	(No symbol) [0x0xd63358]
	(No symbol) [0x0xd62e93]
	(No symbol) [0x0xd62ba1]
	(No symbol) [0x0xd60b44]
	(No symbol) [0x0xd614eb]
	(No symbol) [0x0xd75b3e]
	(No symbol) [0x0xe01387]
	(No symbol) [0x0xddf3ac]
	(No symbol) [0x0xe007ba]
	(No symbol) [0x0xddf1a6]
	(No symbol) [0x0xdae7b2]
	(No symbol) [0x0xdaf654]
	GetHandleVerifier [0x0x11a8883+2672035]
	GetHandleVerifier [0x0x11a3cba+2652634]
	GetHandleVerifier [0x0xf52bca+223466]
	GetHandleVerifier [0x0xf42cb8+158168]
	GetHandleVerifier [0x0xf4978d+185517]
	GetHandleVerifier [0x0xf33b78+96408]
	GetHandleVerifier [0x0xf33d02+96802]
	GetHandleVerifier [0x0xf1e90a+9770]
	BaseThreadInitThunk [0x0x76275d49+25]
	RtlInitializeExceptionChain [0x0x7757d1ab+107]
	RtlGetAppContainerNamedObjectPath [0x0x7757d131+561]


[2025-07-31T14:34:23.318423] Erro ao processar: https://fbref.comhttps://fbref.com/en/comps/14/Copa-Libertadores-Stats
  Detalhe: Message: unknown error: net::ERR_NAME_NOT_RESOLVED
  (Session info: chrome=138.0.7204.183)
Stacktrace:
	GetHandleVerifier [0x0xf2ba83+63395]
	GetHandleVerifier [0x0xf2bac4+63460]
	(No symbol) [0x0xd72113]
	(No symbol) [0x0xd6f84b]
	(No symbol) [0x0xd630c2]
	(No symbol) [0x0xd64af5]
	(No symbol) [0x0xd63358]
	(No symbol) [0x0xd62e93]
	(No symbol) [0x0xd62ba1]
	(No symbol) [0x0xd60b44]
	(No symbol) [0x0xd614eb]
	(No symbol) [0x0xd75b3e]
	(No symbol) [0x0xe01387]
	(No symbol) [0x0xddf3ac]
	(No symbol) [0x0xe007ba]
	(No symbol) [0x0xddf1a6]
	(No symbol) [0x0xdae7b2]
	(No symbol) [0x0xdaf654]
	GetHandleVerifier [0x0x11a8883+2672035]
	GetHandleVerifier [0x0x11a3cba+2652634]
	GetHandleVerifier [0x0xf52bca+223466]
	GetHandleVerifier [0x0xf42cb8+158168]
	GetHandleVerifier [0x0xf4978d+185517]
	GetHandleVerifier [0x0xf33b78+96408]
	GetHandleVerifier [0x0xf33d02+96802]
	GetHandleVerifier [0x0xf1e90a+9770]
	BaseThreadInitThunk [0x0x76275d49+25]
	RtlInitializeExceptionChain [0x0x7757d1ab+107]
	RtlGetAppContainerNamedObjectPath [0x0x7757d131+561]


[2025-07-31T21:48:54.935084] Erro ao processar: https://fbref.comhttps://fbref.com/en/comps/8/UEFA-Champions-League-Stats
  Detalhe: Message: unknown error: net::ERR_NAME_NOT_RESOLVED
  (Session info: chrome=138.0.7204.183)
Stacktrace:
	GetHandleVerifier [0x0x117ba83+63395]
	GetHandleVerifier [0x0x117bac4+63460]
	(No symbol) [0x0xfc2113]
	(No symbol) [0x0xfbf84b]
	(No symbol) [0x0xfb30c2]
	(No symbol) [0x0xfb4af5]
	(No symbol) [0x0xfb3358]
	(No symbol) [0x0xfb2e93]
	(No symbol) [0x0xfb2ba1]
	(No symbol) [0x0xfb0b44]
	(No symbol) [0x0xfb14eb]
	(No symbol) [0x0xfc5b3e]
	(No symbol) [0x0x1051387]
	(No symbol) [0x0x102f3ac]
	(No symbol) [0x0x10507ba]
	(No symbol) [0x0x102f1a6]
	(No symbol) [0x0xffe7b2]
	(No symbol) [0x0xfff654]
	GetHandleVerifier [0x0x13f8883+2672035]
	GetHandleVerifier [0x0x13f3cba+2652634]
	GetHandleVerifier [0x0x11a2bca+223466]
	GetHandleVerifier [0x0x1192cb8+158168]
	GetHandleVerifier [0x0x119978d+185517]
	GetHandleVerifier [0x0x1183b78+96408]
	GetHandleVerifier [0x0x1183d02+96802]
	GetHandleVerifier [0x0x116e90a+9770]
	BaseThreadInitThunk [0x0x76525d49+25]
	RtlInitializeExceptionChain [0x0x77c6d1ab+107]
	RtlGetAppContainerNamedObjectPath [0x0x77c6d131+561]


[2025-07-31T21:48:58.081304] Erro ao processar: https://fbref.comhttps://fbref.com/en/comps/14/Copa-Libertadores-Stats
  Detalhe: Message: unknown error: net::ERR_NAME_NOT_RESOLVED
  (Session info: chrome=138.0.7204.183)
Stacktrace:
	GetHandleVerifier [0x0x117ba83+63395]
	GetHandleVerifier [0x0x117bac4+63460]
	(No symbol) [0x0xfc2113]
	(No symbol) [0x0xfbf84b]
	(No symbol) [0x0xfb30c2]
	(No symbol) [0x0xfb4af5]
	(No symbol) [0x0xfb3358]
	(No symbol) [0x0xfb2e93]
	(No symbol) [0x0xfb2ba1]
	(No symbol) [0x0xfb0b44]
	(No symbol) [0x0xfb14eb]
	(No symbol) [0x0xfc5b3e]
	(No symbol) [0x0x1051387]
	(No symbol) [0x0x102f3ac]
	(No symbol) [0x0x10507ba]
	(No symbol) [0x0x102f1a6]
	(No symbol) [0x0xffe7b2]
	(No symbol) [0x0xfff654]
	GetHandleVerifier [0x0x13f8883+2672035]
	GetHandleVerifier [0x0x13f3cba+2652634]
	GetHandleVerifier [0x0x11a2bca+223466]
	GetHandleVerifier [0x0x1192cb8+158168]
	GetHandleVerifier [0x0x119978d+185517]
	GetHandleVerifier [0x0x1183b78+96408]
	GetHandleVerifier [0x0x1183d02+96802]
	GetHandleVerifier [0x0x116e90a+9770]
	BaseThreadInitThunk [0x0x76525d49+25]
	RtlInitializeExceptionChain [0x0x77c6d1ab+107]
	RtlGetAppContainerNamedObjectPath [0x0x77c6d131+561]


