[2025-07-27 02:28:02] [fbref_scraper] Iniciando coleta do FBref
[2025-07-27 02:28:02] [fbref_scraper] Coleta finalizada com sucesso
[2025-07-27 02:28:57] [fbref_scraper] Iniciando coleta do FBref
[2025-07-27 02:28:58] [fbref_scraper] Coleta finalizada com sucesso
[2025-07-27 02:45:44] [fbref_scraper] Iniciando coleta do FBref
[2025-07-27 02:47:56] [fbref_scraper] Iniciando coleta do FBref
[2025-07-27 02:47:56] [fbref_scraper] Coleta finalizada com sucesso
[2025-07-27 02:48:16] [fbref_scraper] Iniciando coleta do FBref
[2025-07-27 02:48:17] [fbref_scraper] Coleta finalizada com sucesso
[2025-07-27 02:52:19] [fbref_scraper] Iniciando coleta do FBref
[2025-07-27 02:52:19] [fbref_scraper] Coleta finalizada com sucesso
[2025-07-27 02:58:26] [fbref_scraper] Iniciando coleta do FBref
[2025-07-27 02:58:27] [fbref_scraper] Coleta finalizada com sucesso
[2025-07-27 03:06:09] [fbref_scraper] Iniciando coleta do FBref
[2025-07-27 03:06:09] [fbref_scraper] Coleta finalizada com sucesso
[2025-07-27 03:07:22] [fbref_scraper] Iniciando coleta do FBref
[2025-07-27 03:07:22] [fbref_scraper] Coleta finalizada com sucesso
[2025-07-27 03:07:38] [fbref_scraper] Iniciando coleta do FBref
[2025-07-27 03:07:38] [fbref_scraper] Coleta finalizada com sucesso
[2025-07-27 03:09:19] [fbref_scraper] Iniciando coleta do FBref
[2025-07-27 03:09:20] [fbref_scraper] Coleta finalizada com sucesso
[2025-07-27 04:16:55] [fbref_scraper] Iniciando coleta do FBref
[2025-07-27 04:17:12] [fbref_scraper] Coleta finalizada com sucesso
[2025-07-27 16:39:44] [fbref_integrado] Iniciando coleta da StatsBomb
[2025-07-27 16:39:45] [fbref_integrado] Coleta finalizada com sucesso
[2025-07-27 16:46:18] [fbref_integrado] Iniciando coleta da StatsBomb
[2025-07-27 16:53:09] [fbref_integrado] Iniciando coleta da StatsBomb
[2025-07-27 16:55:16] [fbref_integrado] Iniciando coleta da StatsBomb
[2025-07-27 17:02:46] [fbref_integrado] Iniciando coleta da StatsBomb
[2025-07-27 17:06:06] [fbref_integrado] Iniciando coleta da StatsBomb
[2025-07-27 17:10:06] [fbref_integrado] Iniciando coleta da StatsBomb
[2025-07-27 17:10:31] [fbref_integrado] Iniciando coleta da StatsBomb
[2025-07-27 17:16:13] [fbref_integrado] Iniciando coleta do FBref
[2025-07-27 17:16:20] [fbref_integrado] Coleta finalizada com sucesso
[2025-07-27 17:18:34] [fbref_integrado] Iniciando coleta do FBref
[2025-07-27 17:18:35] [fbref_integrado] Coleta finalizada com sucesso
[2025-07-27 17:21:19] [fbref_integrado] Iniciando coleta do FBref
[2025-07-27 17:21:26] [fbref_integrado] Coleta finalizada com sucesso
[2025-07-27 18:57:25] [fbref_integrado] Iniciando coleta do FBref
[2025-07-27 18:57:34] [fbref_integrado] Coleta finalizada com sucesso
[2025-07-27 19:12:08] [fbref_integrado] Iniciando coleta do FBref
[2025-07-27 19:12:15] [fbref_integrado] Coleta finalizada com sucesso
[2025-07-27 19:13:46] [fbref_integrado] Iniciando coleta do FBref
[2025-07-27 19:13:53] [fbref_integrado] Coleta finalizada com sucesso
[2025-07-27 19:34:13] [fbref_integrado] Iniciando coleta do FBref
[2025-07-27 19:34:22] [fbref_integrado] Coleta finalizada com sucesso
[2025-07-27 19:35:31] [fbref_integrado] Iniciando coleta do FBref
[2025-07-27 19:35:39] [fbref_integrado] Coleta finalizada com sucesso
[2025-07-27 20:08:28] [fbref_integrado] Iniciando coleta do FBref
[2025-07-27 20:08:36] [fbref_integrado] Coleta finalizada com sucesso
[2025-07-27 20:11:37] [fbref_integrado] Iniciando coleta do FBref
[2025-07-27 20:11:45] [fbref_integrado] Coleta finalizada com sucesso
[2025-07-27 20:14:39] [fbref_integrado] Iniciando coleta do FBref
[2025-07-27 20:14:48] [fbref_integrado] Coleta finalizada com sucesso
[2025-07-27 20:42:13] [fbref_integrado] Iniciando coleta do FBref
[2025-07-27 20:42:20] [fbref_integrado] Coleta finalizada com sucesso
[2025-07-27 20:44:17] [fbref_integrado] Iniciando coleta do FBref
[2025-07-27 20:44:24] [fbref_integrado] Coleta finalizada com sucesso
[2025-07-27 20:58:04] [fbref_integrado] Iniciando coleta do FBref
[2025-07-27 20:58:15] [fbref_integrado] Coleta finalizada com sucesso
[2025-07-28 00:36:27] [fbref_integrado] Iniciando coleta do FBref
[2025-07-28 00:36:41] [fbref_integrado] Coleta finalizada com sucesso
[2025-07-28 00:37:08] [fbref_integrado] Iniciando coleta do FBref
[2025-07-28 00:37:17] [fbref_integrado] Coleta finalizada com sucesso
[2025-07-28 00:42:43] [fbref_integrado] Iniciando coleta do FBref
[2025-07-28 00:42:50] [fbref_integrado] Coleta finalizada com sucesso
[2025-07-28 00:50:47] [fbref_integrado] Iniciando coleta do FBref
[2025-07-28 00:50:55] [fbref_integrado] Coleta finalizada com sucesso
[2025-07-28 00:51:10] [fbref_integrado] Iniciando coleta do FBref
[2025-07-28 00:51:19] [fbref_integrado] Coleta finalizada com sucesso
[2025-07-28 00:51:47] [fbref_integrado] Iniciando coleta do FBref
[2025-07-28 00:51:56] [fbref_integrado] Coleta finalizada com sucesso
[2025-07-28 00:57:36] [fbref_integrado] Iniciando coleta do FBref
[2025-07-28 00:57:45] [fbref_integrado] Coleta finalizada com sucesso
[2025-07-28 00:58:06] [fbref_integrado] Iniciando coleta do FBref
[2025-07-28 00:58:15] [fbref_integrado] Coleta finalizada com sucesso
[2025-07-28 01:08:48] [fbref_integrado] Iniciando coleta do FBref
[2025-07-28 01:08:57] [fbref_integrado] Coleta finalizada com sucesso
[2025-07-28 01:09:25] [fbref_integrado] Iniciando coleta do FBref
[2025-07-28 01:09:34] [fbref_integrado] Coleta finalizada com sucesso
[2025-07-28 01:28:23] [fbref_integrado] Iniciando coleta do FBref
[2025-07-28 01:28:33] [fbref_integrado] Coleta finalizada com sucesso
[2025-07-28 01:59:33] [fbref_integrado] Iniciando coleta do FBref
[2025-07-28 01:59:42] [fbref_integrado] Coleta finalizada com sucesso
[2025-07-28 02:00:34] [fbref_integrado] Iniciando coleta do FBref
[2025-07-28 02:00:43] [fbref_integrado] Coleta finalizada com sucesso
[2025-07-28 02:05:22] [fbref_integrado] Iniciando coleta do FBref
[2025-07-28 02:05:31] [fbref_integrado] Coleta finalizada com sucesso
[2025-07-28 03:03:22] [fbref_integrado] Iniciando coleta do FBref
[2025-07-28 03:03:32] [fbref_integrado] Coleta finalizada com sucesso
[2025-07-28 19:54:05] [fbref_integrado] Iniciando coleta do FBref
[2025-07-28 19:54:15] [fbref_integrado] Coleta finalizada com sucesso
[2025-07-28 19:55:26] [fbref_integrado] Iniciando coleta do FBref
[2025-07-28 19:55:35] [fbref_integrado] Coleta finalizada com sucesso
[2025-07-28 19:55:43] [fbref_integrado] Iniciando coleta do FBref
[2025-07-28 19:55:52] [fbref_integrado] Coleta finalizada com sucesso
[2025-07-28 19:55:54] [fbref_integrado] Iniciando coleta do FBref
[2025-07-28 19:56:03] [fbref_integrado] Coleta finalizada com sucesso
[2025-07-28 20:35:53] [fbref_integrado] Iniciando coleta do FBref
[2025-07-28 20:35:59] [fbref_integrado] Coleta finalizada com sucesso
[2025-07-28 20:36:03] [fbref_integrado] Iniciando coleta do FBref
[2025-07-28 20:36:03] [fbref_integrado] Coleta finalizada com sucesso
[2025-07-28 20:36:13] [fbref_integrado] Iniciando coleta do FBref
[2025-07-28 20:36:13] [fbref_integrado] Coleta finalizada com sucesso
[2025-07-28 20:36:16] [fbref_integrado] Iniciando coleta do FBref
[2025-07-28 20:36:16] [fbref_integrado] Coleta finalizada com sucesso
[2025-07-28 20:58:34] [fbref_integrado] Iniciando coleta do FBref
[2025-07-28 20:58:44] [fbref_integrado] Coleta finalizada com sucesso
[2025-07-28 22:17:49] [fbref_integrado] Iniciando coleta do FBref
[2025-07-28 22:19:01] [fbref_integrado] Coleta finalizada com sucesso
[2025-07-28 22:21:35] [fbref_integrado] Iniciando coleta do FBref
[2025-07-28 22:21:36] [fbref_integrado] Coleta finalizada com sucesso
[2025-07-28 22:21:45] [fbref_integrado] Iniciando coleta do FBref
[2025-07-28 22:21:45] [fbref_integrado] Coleta finalizada com sucesso
[2025-07-28 22:27:23] [fbref_integrado] Iniciando coleta do FBref
[2025-07-28 22:27:23] [fbref_integrado] Coleta finalizada com sucesso
[2025-07-28 22:27:54] [fbref_integrado] Iniciando coleta do FBref
[2025-07-28 22:27:55] [fbref_integrado] Coleta finalizada com sucesso
[2025-07-28 22:28:17] [fbref_integrado] Iniciando coleta do FBref
[2025-07-28 22:28:17] [fbref_integrado] Coleta finalizada com sucesso
[2025-07-28 23:50:24] [fbref_integrado] Iniciando coleta do FBref
[2025-07-28 23:51:12] [fbref_integrado] Coleta finalizada com sucesso
