2025-08-03 12:24:37 - INFO - [utils.log_utils] - Sistema de log configurado. A saída será salva em: logs\pipeline_run_2025-08-03_12-24-37.log
2025-08-03 12:24:37 - INFO - [utils.log_utils] - Sistema de log configurado. A saída será salva em: logs\pipeline_run_2025-08-03_12-24-37.log
2025-08-03 12:24:37 - INFO - [Coleta_de_dados.apis.fbref.fbref_fallback_system] - Dados de fallback salvos em: C:\ApostaPro\cache_fbref\fallback_competitions.json
2025-08-03 12:24:38 - INFO - [Coleta_de_dados.apis.fbref.orquestrador_coleta] - 🚀🚀🚀 INICIANDO A PIPELINE COMPLETA DE DADOS DO FBREF 🚀🚀🚀
2025-08-03 12:24:38 - INFO - [Coleta_de_dados.apis.fbref.orquestrador_coleta] - Configuração: {'continuar_em_erro': True, 'salvar_logs_detalhados': True, 'backup_antes_execucao': True, 'timeout_global': 14400, 'intervalo_checkpoint': 300, 'modo_teste': False, 'limite_competicoes': None}
2025-08-03 12:24:38 - INFO - [Coleta_de_dados.apis.fbref.orquestrador_coleta] - 
--- [ETAPA 1 de 9] Executando: Preparação do Banco de Dados ---
2025-08-03 12:24:39 - INFO - [Coleta_de_dados.apis.fbref.orquestrador_coleta] - --- [ETAPA 1] Finalizada com sucesso! ---
2025-08-03 12:24:39 - INFO - [Coleta_de_dados.apis.fbref.orquestrador_coleta] - ✅ Etapa 'preparacao_banco' executada com sucesso - continuando pipeline
2025-08-03 12:24:39 - INFO - [Coleta_de_dados.apis.fbref.orquestrador_coleta] - 
--- [ETAPA 2 de 9] Executando: Descoberta de Competições e Temporadas ---
2025-08-03 12:24:40 - INFO - [Coleta_de_dados.apis.fbref.orquestrador_coleta] - --- [ETAPA 2] Finalizada com sucesso! ---
2025-08-03 12:24:40 - INFO - [Coleta_de_dados.apis.fbref.orquestrador_coleta] - ✅ Etapa 'descoberta_links' executada com sucesso - continuando pipeline
2025-08-03 12:24:40 - INFO - [Coleta_de_dados.apis.fbref.orquestrador_coleta] - 
--- [ETAPA 3 de 9] Executando: Verificação da Completude da Extração ---
2025-08-03 12:26:01 - INFO - [Coleta_de_dados.apis.fbref.orquestrador_coleta] - --- [ETAPA 3] Finalizada com sucesso! ---
2025-08-03 12:26:01 - INFO - [Coleta_de_dados.apis.fbref.orquestrador_coleta] - ✅ Etapa 'verificacao_extracao' executada com sucesso - continuando pipeline
2025-08-03 12:26:01 - INFO - [Coleta_de_dados.apis.fbref.orquestrador_coleta] - 
--- [ETAPA 4 de 9] Executando: Coleta de Dados de Partidas ---
2025-08-03 12:36:01 - ERROR - [Coleta_de_dados.apis.fbref.orquestrador_coleta] - --- [ETAPA 4] ERRO: Processo terminou sem retornar resultado ---
