2025-08-03 12:56:53 - INFO - [utils.log_utils] - Sistema de log configurado. A saída será salva em: logs\pipeline_run_2025-08-03_12-56-53.log
2025-08-03 12:56:53 - INFO - [utils.log_utils] - Sistema de log configurado. A saída será salva em: logs\pipeline_run_2025-08-03_12-56-53.log
2025-08-03 12:56:53 - INFO - [Coleta_de_dados.apis.fbref.fbref_fallback_system] - Dados de fallback salvos em: C:\ApostaPro\cache_fbref\fallback_competitions.json
2025-08-03 12:56:54 - INFO - [Coleta_de_dados.apis.fbref.orquestrador_coleta] - 🚀🚀🚀 INICIANDO A PIPELINE COMPLETA DE DADOS DO FBREF 🚀🚀🚀
2025-08-03 12:56:54 - INFO - [Coleta_de_dados.apis.fbref.orquestrador_coleta] - Configuração: {'continuar_em_erro': True, 'salvar_logs_detalhados': True, 'backup_antes_execucao': True, 'timeout_global': 14400, 'intervalo_checkpoint': 300, 'modo_teste': False, 'limite_competicoes': None}
2025-08-03 12:56:54 - INFO - [Coleta_de_dados.apis.fbref.orquestrador_coleta] - 
--- [ETAPA 1 de 9] Executando: Preparação do Banco de Dados ---
2025-08-03 12:56:54 - INFO - [Coleta_de_dados.apis.fbref.orquestrador_coleta] - --- [ETAPA 1] Finalizada com sucesso! ---
2025-08-03 12:56:54 - INFO - [Coleta_de_dados.apis.fbref.orquestrador_coleta] - ✅ Etapa 'preparacao_banco' executada com sucesso - continuando pipeline
2025-08-03 12:56:54 - INFO - [Coleta_de_dados.apis.fbref.orquestrador_coleta] - 
--- [ETAPA 2 de 9] Executando: Descoberta de Competições e Temporadas ---
2025-08-03 12:56:56 - INFO - [Coleta_de_dados.apis.fbref.orquestrador_coleta] - --- [ETAPA 2] Finalizada com sucesso! ---
2025-08-03 12:56:56 - INFO - [Coleta_de_dados.apis.fbref.orquestrador_coleta] - ✅ Etapa 'descoberta_links' executada com sucesso - continuando pipeline
2025-08-03 12:56:56 - INFO - [Coleta_de_dados.apis.fbref.orquestrador_coleta] - 
--- [ETAPA 3 de 9] Executando: Verificação da Completude da Extração ---
2025-08-03 12:57:47 - INFO - [Coleta_de_dados.apis.fbref.orquestrador_coleta] - --- [ETAPA 3] Finalizada com sucesso! ---
2025-08-03 12:57:47 - INFO - [Coleta_de_dados.apis.fbref.orquestrador_coleta] - ✅ Etapa 'verificacao_extracao' executada com sucesso - continuando pipeline
2025-08-03 12:57:47 - INFO - [Coleta_de_dados.apis.fbref.orquestrador_coleta] - 
--- [ETAPA 4 de 9] Executando: Coleta de Dados de Partidas ---
2025-08-03 13:16:14 - INFO - [Coleta_de_dados.apis.fbref.orquestrador_coleta] - --- [ETAPA 4] Finalizada com sucesso! ---
2025-08-03 13:16:14 - INFO - [Coleta_de_dados.apis.fbref.orquestrador_coleta] - ✅ Etapa 'coleta_partidas' executada com sucesso - continuando pipeline
2025-08-03 13:16:14 - INFO - [Coleta_de_dados.apis.fbref.orquestrador_coleta] - 
--- [ETAPA 5 de 9] Executando: Coleta de Estatísticas Detalhadas ---
2025-08-03 13:17:09 - WARNING - [Coleta_de_dados.apis.fbref.orquestrador_coleta] - 🛑 Pipeline interrompida pelo usuário (Ctrl+C)
2025-08-03 13:17:09 - INFO - [Coleta_de_dados.apis.fbref.orquestrador_coleta] - 
================================================================================
2025-08-03 13:17:09 - INFO - [Coleta_de_dados.apis.fbref.orquestrador_coleta] - 📊 RELATÓRIO FINAL DA PIPELINE
2025-08-03 13:17:09 - INFO - [Coleta_de_dados.apis.fbref.orquestrador_coleta] - ================================================================================
2025-08-03 13:17:09 - INFO - [Coleta_de_dados.apis.fbref.orquestrador_coleta] - ⏱️  Tempo total de execução: 00:20:15
2025-08-03 13:17:09 - INFO - [Coleta_de_dados.apis.fbref.orquestrador_coleta] - 📈 Etapas executadas: 5/9
2025-08-03 13:17:09 - INFO - [Coleta_de_dados.apis.fbref.orquestrador_coleta] - ✅ Etapas com sucesso: 4
2025-08-03 13:17:09 - INFO - [Coleta_de_dados.apis.fbref.orquestrador_coleta] - ❌ Etapas com erro: 1
2025-08-03 13:17:09 - INFO - [Coleta_de_dados.apis.fbref.orquestrador_coleta] - 
📋 DETALHES POR ETAPA:
2025-08-03 13:17:09 - INFO - [Coleta_de_dados.apis.fbref.orquestrador_coleta] -   ✅ SUCESSO | preparacao_banco     | 00:00:00
2025-08-03 13:17:09 - INFO - [Coleta_de_dados.apis.fbref.orquestrador_coleta] -   ✅ SUCESSO | descoberta_links     | 00:00:01
2025-08-03 13:17:09 - INFO - [Coleta_de_dados.apis.fbref.orquestrador_coleta] -   ✅ SUCESSO | verificacao_extracao | 00:00:51
2025-08-03 13:17:09 - INFO - [Coleta_de_dados.apis.fbref.orquestrador_coleta] -   ✅ SUCESSO | coleta_partidas      | 00:18:26
2025-08-03 13:17:09 - INFO - [Coleta_de_dados.apis.fbref.orquestrador_coleta] - ================================================================================
2025-08-03 13:17:09 - ERROR - [Coleta_de_dados.apis.fbref.orquestrador_coleta] - ❌❌❌ PIPELINE FINALIZADA COM ERROS ❌❌❌
