2025-08-03 10:21:18 - INFO - [utils.log_utils] - Sistema de log configurado. A saída será salva em: logs\pipeline_run_2025-08-03_10-21-18.log
2025-08-03 10:21:18 - INFO - [utils.log_utils] - Sistema de log configurado. A saída será salva em: logs\pipeline_run_2025-08-03_10-21-18.log
2025-08-03 10:21:18 - INFO - [Coleta_de_dados.apis.fbref.fbref_fallback_system] - Dados de fallback salvos em: C:\ApostaPro\cache_fbref\fallback_competitions.json
2025-08-03 10:21:19 - INFO - [Coleta_de_dados.apis.fbref.orquestrador_coleta] - Iniciando descoberta de competições e temporadas...
2025-08-03 10:21:19 - INFO - [Coleta_de_dados.apis.fbref.fbref_integrado] - 🚀 Iniciando Script 1: Descoberta de Links...
2025-08-03 10:21:19 - INFO - [Coleta_de_dados.apis.fbref.fbref_integrado] - Buscando lista de competições com sistema de fallback...
2025-08-03 10:21:19 - WARNING - [Coleta_de_dados.apis.fbref.fbref_integrado] - Site FBRef parece inacessível. Usando dados de fallback.
2025-08-03 10:21:19 - INFO - [Coleta_de_dados.apis.fbref.fbref_fallback_system] - Dados de fallback carregados: 10 competições
2025-08-03 10:21:19 - INFO - [Coleta_de_dados.apis.fbref.fbref_integrado] - MODO TESTE ATIVADO: Processando apenas as primeiras 5 competições
2025-08-03 10:21:19 - INFO - [Coleta_de_dados.apis.fbref.fbref_integrado] - Processando 5 competições em lotes de 5
2025-08-03 10:21:19 - INFO - [Coleta_de_dados.apis.fbref.fbref_integrado] - 
=== PROCESSANDO LOTE 1/1 ===
2025-08-03 10:21:19 - INFO - [Coleta_de_dados.apis.fbref.fbref_integrado] - Competições 1 a 5 de 5
2025-08-03 10:21:19 - INFO - [Coleta_de_dados.apis.fbref.fbref_integrado] - 
--- Processando Competição 1/5: Premier League (Masculino) ---
2025-08-03 10:21:19 - INFO - [Coleta_de_dados.apis.fbref.fbref_integrado] - Coletando temporadas de: https://fbref.com/en/comps/9/history/Premier-League-Seasons
2025-08-03 10:21:19 - WARNING - [Coleta_de_dados.apis.fbref.fbref_integrado] - Site inacessível. Usando temporadas de fallback para: https://fbref.com/en/comps/9/history/Premier-League-Seasons
2025-08-03 10:21:19 - INFO - [Coleta_de_dados.apis.fbref.fbref_fallback_system] - Geradas 5 temporadas de fallback para https://fbref.com/en/comps/9/history/Premier-League-Seasons
2025-08-03 10:21:19 - INFO - [Coleta_de_dados.apis.fbref.fbref_integrado] -   -> 5 temporadas de fallback geradas
2025-08-03 10:21:19 - INFO - [Coleta_de_dados.apis.fbref.fbref_integrado] -   -> Encontrados 5 links do tipo FALLBACK_TEMPORADAS.
2025-08-03 10:21:19 - INFO - [Coleta_de_dados.apis.fbref.fbref_integrado] -   -> Nenhum link novo para salvar (todos já existem).
2025-08-03 10:21:19 - INFO - [Coleta_de_dados.apis.fbref.fbref_integrado] - 
--- Processando Competição 2/5: La Liga (Masculino) ---
2025-08-03 10:21:19 - INFO - [Coleta_de_dados.apis.fbref.fbref_integrado] - Coletando temporadas de: https://fbref.com/en/comps/12/history/La-Liga-Seasons
2025-08-03 10:21:19 - WARNING - [Coleta_de_dados.apis.fbref.fbref_integrado] - Site inacessível. Usando temporadas de fallback para: https://fbref.com/en/comps/12/history/La-Liga-Seasons
2025-08-03 10:21:19 - INFO - [Coleta_de_dados.apis.fbref.fbref_fallback_system] - Geradas 5 temporadas de fallback para https://fbref.com/en/comps/12/history/La-Liga-Seasons
2025-08-03 10:21:19 - INFO - [Coleta_de_dados.apis.fbref.fbref_integrado] -   -> 5 temporadas de fallback geradas
2025-08-03 10:21:19 - INFO - [Coleta_de_dados.apis.fbref.fbref_integrado] -   -> Encontrados 5 links do tipo FALLBACK_TEMPORADAS.
2025-08-03 10:21:19 - INFO - [Coleta_de_dados.apis.fbref.fbref_integrado] -   -> Nenhum link novo para salvar (todos já existem).
2025-08-03 10:21:19 - INFO - [Coleta_de_dados.apis.fbref.fbref_integrado] - 
--- Processando Competição 3/5: Serie A (Masculino) ---
2025-08-03 10:21:19 - INFO - [Coleta_de_dados.apis.fbref.fbref_integrado] - Coletando temporadas de: https://fbref.com/en/comps/11/history/Serie-A-Seasons
2025-08-03 10:21:19 - WARNING - [Coleta_de_dados.apis.fbref.fbref_integrado] - Site inacessível. Usando temporadas de fallback para: https://fbref.com/en/comps/11/history/Serie-A-Seasons
2025-08-03 10:21:19 - INFO - [Coleta_de_dados.apis.fbref.fbref_fallback_system] - Geradas 5 temporadas de fallback para https://fbref.com/en/comps/11/history/Serie-A-Seasons
2025-08-03 10:21:19 - INFO - [Coleta_de_dados.apis.fbref.fbref_integrado] -   -> 5 temporadas de fallback geradas
2025-08-03 10:21:19 - INFO - [Coleta_de_dados.apis.fbref.fbref_integrado] -   -> Encontrados 5 links do tipo FALLBACK_TEMPORADAS.
2025-08-03 10:21:19 - INFO - [Coleta_de_dados.apis.fbref.fbref_integrado] -   -> Nenhum link novo para salvar (todos já existem).
2025-08-03 10:21:19 - INFO - [Coleta_de_dados.apis.fbref.fbref_integrado] - 
--- Processando Competição 4/5: Bundesliga (Masculino) ---
2025-08-03 10:21:19 - INFO - [Coleta_de_dados.apis.fbref.fbref_integrado] - Coletando temporadas de: https://fbref.com/en/comps/20/history/Bundesliga-Seasons
2025-08-03 10:21:19 - WARNING - [Coleta_de_dados.apis.fbref.fbref_integrado] - Site inacessível. Usando temporadas de fallback para: https://fbref.com/en/comps/20/history/Bundesliga-Seasons
2025-08-03 10:21:19 - INFO - [Coleta_de_dados.apis.fbref.fbref_fallback_system] - Geradas 5 temporadas de fallback para https://fbref.com/en/comps/20/history/Bundesliga-Seasons
2025-08-03 10:21:19 - INFO - [Coleta_de_dados.apis.fbref.fbref_integrado] -   -> 5 temporadas de fallback geradas
2025-08-03 10:21:19 - INFO - [Coleta_de_dados.apis.fbref.fbref_integrado] -   -> Encontrados 5 links do tipo FALLBACK_TEMPORADAS.
2025-08-03 10:21:19 - INFO - [Coleta_de_dados.apis.fbref.fbref_integrado] -   -> Nenhum link novo para salvar (todos já existem).
2025-08-03 10:21:19 - INFO - [Coleta_de_dados.apis.fbref.fbref_integrado] - 
--- Processando Competição 5/5: Ligue 1 (Masculino) ---
2025-08-03 10:21:19 - INFO - [Coleta_de_dados.apis.fbref.fbref_integrado] - Coletando temporadas de: https://fbref.com/en/comps/13/history/Ligue-1-Seasons
2025-08-03 10:21:19 - WARNING - [Coleta_de_dados.apis.fbref.fbref_integrado] - Site inacessível. Usando temporadas de fallback para: https://fbref.com/en/comps/13/history/Ligue-1-Seasons
2025-08-03 10:21:19 - INFO - [Coleta_de_dados.apis.fbref.fbref_fallback_system] - Geradas 5 temporadas de fallback para https://fbref.com/en/comps/13/history/Ligue-1-Seasons
2025-08-03 10:21:19 - INFO - [Coleta_de_dados.apis.fbref.fbref_integrado] -   -> 5 temporadas de fallback geradas
2025-08-03 10:21:19 - INFO - [Coleta_de_dados.apis.fbref.fbref_integrado] -   -> Encontrados 5 links do tipo FALLBACK_TEMPORADAS.
2025-08-03 10:21:19 - INFO - [Coleta_de_dados.apis.fbref.fbref_integrado] -   -> Nenhum link novo para salvar (todos já existem).
2025-08-03 10:21:19 - INFO - [Coleta_de_dados.apis.fbref.fbref_integrado] - 
✅ Lote 1 concluído:
2025-08-03 10:21:19 - INFO - [Coleta_de_dados.apis.fbref.fbref_integrado] -   -> 5 competições processadas até agora
2025-08-03 10:21:19 - INFO - [Coleta_de_dados.apis.fbref.fbref_integrado] -   -> 0 competições com erro
2025-08-03 10:21:19 - INFO - [Coleta_de_dados.apis.fbref.fbref_integrado] -   -> 25 links coletados até agora
2025-08-03 10:21:19 - INFO - [Coleta_de_dados.apis.fbref.fbref_integrado] - 
✅ Script 1 (Descoberta) finalizado com sucesso!
2025-08-03 10:21:19 - INFO - [Coleta_de_dados.apis.fbref.fbref_integrado] -   -> 5 competições processadas com sucesso
2025-08-03 10:21:19 - INFO - [Coleta_de_dados.apis.fbref.fbref_integrado] -   -> 0 competições com erro
2025-08-03 10:21:19 - INFO - [Coleta_de_dados.apis.fbref.fbref_integrado] -   -> 25 links de temporadas coletados
