2025-08-03 14:04:43 - INFO - [utils.log_utils] - Sistema de log configurado. A saída será salva em: logs\pipeline_run_2025-08-03_14-04-43.log
2025-08-03 14:04:43 - INFO - [utils.log_utils] - Sistema de log configurado. A saída será salva em: logs\pipeline_run_2025-08-03_14-04-43.log
2025-08-03 14:04:43 - INFO - [Coleta_de_dados.apis.fbref.fbref_fallback_system] - Dados de fallback salvos em: C:\ApostaPro\cache_fbref\fallback_competitions.json
2025-08-03 14:04:44 - INFO - [Coleta_de_dados.apis.fbref.orquestrador_coleta] - 🚀🚀🚀 INICIANDO A PIPELINE COMPLETA DE DADOS DO FBREF 🚀🚀🚀
2025-08-03 14:04:44 - INFO - [Coleta_de_dados.apis.fbref.orquestrador_coleta] - Configuração: {'continuar_em_erro': True, 'salvar_logs_detalhados': True, 'backup_antes_execucao': True, 'timeout_global': 14400, 'intervalo_checkpoint': 300, 'modo_teste': False, 'limite_competicoes': None}
2025-08-03 14:04:44 - INFO - [Coleta_de_dados.apis.fbref.orquestrador_coleta] - 
--- [ETAPA 1 de 9] Executando: Preparação do Banco de Dados ---
2025-08-03 14:04:45 - INFO - [Coleta_de_dados.apis.fbref.orquestrador_coleta] - --- [ETAPA 1] Finalizada com sucesso! ---
2025-08-03 14:04:45 - INFO - [Coleta_de_dados.apis.fbref.orquestrador_coleta] - ✅ Etapa 'preparacao_banco' executada com sucesso - continuando pipeline
2025-08-03 14:04:45 - INFO - [Coleta_de_dados.apis.fbref.orquestrador_coleta] - 
--- [ETAPA 2 de 9] Executando: Descoberta de Competições e Temporadas ---
2025-08-03 14:05:28 - INFO - [Coleta_de_dados.apis.fbref.orquestrador_coleta] - --- [ETAPA 2] Finalizada com sucesso! ---
2025-08-03 14:05:28 - INFO - [Coleta_de_dados.apis.fbref.orquestrador_coleta] - ✅ Etapa 'descoberta_links' executada com sucesso - continuando pipeline
2025-08-03 14:05:28 - INFO - [Coleta_de_dados.apis.fbref.orquestrador_coleta] - 
--- [ETAPA 3 de 9] Executando: Verificação da Completude da Extração ---
2025-08-03 14:13:27 - INFO - [Coleta_de_dados.apis.fbref.orquestrador_coleta] - --- [ETAPA 3] Finalizada com sucesso! ---
2025-08-03 14:13:27 - INFO - [Coleta_de_dados.apis.fbref.orquestrador_coleta] - ✅ Etapa 'verificacao_extracao' executada com sucesso - continuando pipeline
2025-08-03 14:13:27 - INFO - [Coleta_de_dados.apis.fbref.orquestrador_coleta] - 
--- [ETAPA 4 de 9] Executando: Coleta de Dados de Partidas ---
2025-08-03 14:35:17 - INFO - [Coleta_de_dados.apis.fbref.orquestrador_coleta] - --- [ETAPA 4] Finalizada com sucesso! ---
2025-08-03 14:35:17 - INFO - [Coleta_de_dados.apis.fbref.orquestrador_coleta] - ✅ Etapa 'coleta_partidas' executada com sucesso - continuando pipeline
2025-08-03 14:35:17 - INFO - [Coleta_de_dados.apis.fbref.orquestrador_coleta] - 
--- [ETAPA 5 de 9] Executando: Coleta de Estatísticas Detalhadas ---
2025-08-03 15:00:44 - INFO - [Coleta_de_dados.apis.fbref.orquestrador_coleta] - --- [ETAPA 5] Finalizada com sucesso! ---
2025-08-03 15:00:44 - INFO - [Coleta_de_dados.apis.fbref.orquestrador_coleta] - ✅ Etapa 'coleta_estatisticas' executada com sucesso - continuando pipeline
2025-08-03 15:00:44 - INFO - [Coleta_de_dados.apis.fbref.orquestrador_coleta] - 
--- [ETAPA 6 de 9] Executando: Coleta de Dados de Clubes ---
2025-08-03 15:00:58 - INFO - [Coleta_de_dados.apis.fbref.orquestrador_coleta] - --- [ETAPA 6] Finalizada com sucesso! ---
2025-08-03 15:00:58 - INFO - [Coleta_de_dados.apis.fbref.orquestrador_coleta] - ✅ Etapa 'coleta_clubes' executada com sucesso - continuando pipeline
2025-08-03 15:00:58 - INFO - [Coleta_de_dados.apis.fbref.orquestrador_coleta] - 
--- [ETAPA 7 de 9] Executando: Coleta de Dados de Jogadores ---
2025-08-03 15:01:12 - INFO - [Coleta_de_dados.apis.fbref.orquestrador_coleta] - --- [ETAPA 7] Finalizada com sucesso! ---
2025-08-03 15:01:12 - INFO - [Coleta_de_dados.apis.fbref.orquestrador_coleta] - ✅ Etapa 'coleta_jogadores' executada com sucesso - continuando pipeline
2025-08-03 15:01:12 - INFO - [Coleta_de_dados.apis.fbref.orquestrador_coleta] - 
--- [ETAPA 8 de 9] Executando: Processamento e Rotulação dos Dados para IA ---
2025-08-03 15:01:13 - INFO - [Coleta_de_dados.apis.fbref.orquestrador_coleta] - --- [ETAPA 8] Finalizada com sucesso! ---
2025-08-03 15:01:13 - INFO - [Coleta_de_dados.apis.fbref.orquestrador_coleta] - ✅ Etapa 'processamento_dados' executada com sucesso - continuando pipeline
2025-08-03 15:01:13 - INFO - [Coleta_de_dados.apis.fbref.orquestrador_coleta] - 
--- [ETAPA 9 de 9] Executando: Geração do Relatório Final de Coleta ---
2025-08-03 15:01:14 - INFO - [Coleta_de_dados.apis.fbref.orquestrador_coleta] - --- [ETAPA 9] Finalizada com sucesso! ---
2025-08-03 15:01:14 - INFO - [Coleta_de_dados.apis.fbref.orquestrador_coleta] - ✅ Etapa 'geracao_relatorio' executada com sucesso - continuando pipeline
2025-08-03 15:01:14 - INFO - [Coleta_de_dados.apis.fbref.orquestrador_coleta] - 
================================================================================
2025-08-03 15:01:14 - INFO - [Coleta_de_dados.apis.fbref.orquestrador_coleta] - 📊 RELATÓRIO FINAL DA PIPELINE
2025-08-03 15:01:14 - INFO - [Coleta_de_dados.apis.fbref.orquestrador_coleta] - ================================================================================
2025-08-03 15:01:14 - INFO - [Coleta_de_dados.apis.fbref.orquestrador_coleta] - ⏱️  Tempo total de execução: 00:56:30
2025-08-03 15:01:14 - INFO - [Coleta_de_dados.apis.fbref.orquestrador_coleta] - 📈 Etapas executadas: 9/9
2025-08-03 15:01:14 - INFO - [Coleta_de_dados.apis.fbref.orquestrador_coleta] - ✅ Etapas com sucesso: 9
2025-08-03 15:01:14 - INFO - [Coleta_de_dados.apis.fbref.orquestrador_coleta] - ❌ Etapas com erro: 0
2025-08-03 15:01:14 - INFO - [Coleta_de_dados.apis.fbref.orquestrador_coleta] - 
📋 DETALHES POR ETAPA:
2025-08-03 15:01:14 - INFO - [Coleta_de_dados.apis.fbref.orquestrador_coleta] -   ✅ SUCESSO | preparacao_banco     | 00:00:00
2025-08-03 15:01:14 - INFO - [Coleta_de_dados.apis.fbref.orquestrador_coleta] -   ✅ SUCESSO | descoberta_links     | 00:00:43
2025-08-03 15:01:14 - INFO - [Coleta_de_dados.apis.fbref.orquestrador_coleta] -   ✅ SUCESSO | verificacao_extracao | 00:07:59
2025-08-03 15:01:14 - INFO - [Coleta_de_dados.apis.fbref.orquestrador_coleta] -   ✅ SUCESSO | coleta_partidas      | 00:21:49
2025-08-03 15:01:14 - INFO - [Coleta_de_dados.apis.fbref.orquestrador_coleta] -   ✅ SUCESSO | coleta_estatisticas  | 00:25:26
2025-08-03 15:01:14 - INFO - [Coleta_de_dados.apis.fbref.orquestrador_coleta] -   ✅ SUCESSO | coleta_clubes        | 00:00:14
2025-08-03 15:01:14 - INFO - [Coleta_de_dados.apis.fbref.orquestrador_coleta] -   ✅ SUCESSO | coleta_jogadores     | 00:00:13
2025-08-03 15:01:14 - INFO - [Coleta_de_dados.apis.fbref.orquestrador_coleta] -   ✅ SUCESSO | processamento_dados  | 00:00:00
2025-08-03 15:01:14 - INFO - [Coleta_de_dados.apis.fbref.orquestrador_coleta] -   ✅ SUCESSO | geracao_relatorio    | 00:00:00
2025-08-03 15:01:14 - INFO - [Coleta_de_dados.apis.fbref.orquestrador_coleta] - ================================================================================
2025-08-03 15:01:14 - INFO - [Coleta_de_dados.apis.fbref.orquestrador_coleta] - ✅✅✅ PIPELINE COMPLETA FINALIZADA COM SUCESSO! ✅✅✅
