2025-08-03 11:19:40 - INFO - [utils.log_utils] - Sistema de log configurado. A saída será salva em: logs\pipeline_run_2025-08-03_11-19-40.log
2025-08-03 11:19:40 - INFO - [utils.log_utils] - Sistema de log configurado. A saída será salva em: logs\pipeline_run_2025-08-03_11-19-40.log
2025-08-03 11:19:41 - INFO - [Coleta_de_dados.apis.fbref.fbref_fallback_system] - Dados de fallback salvos em: C:\ApostaPro\cache_fbref\fallback_competitions.json
2025-08-03 11:19:41 - INFO - [Coleta_de_dados.apis.fbref.orquestrador_coleta] - Iniciando verificação da completude da extração...
2025-08-03 11:19:41 - INFO - [Coleta_de_dados.apis.fbref.verificar_extracao] - 🔍 Iniciando verificação completa de extração...
2025-08-03 11:19:41 - INFO - [Coleta_de_dados.apis.fbref.verificar_extracao] - Verificando competição: Bundesliga (Masculino)
2025-08-03 11:19:41 - INFO - [Coleta_de_dados.apis.fbref.verificar_extracao] - 🔍 Verificação rápida de temporadas: https://fbref.com/en/comps/20/history/Bundesliga-Seasons
2025-08-03 11:19:49 - WARNING - [Coleta_de_dados.apis.fbref.verificar_extracao] - ⏰ Verificação de temporadas demorou demais - usando fallback
2025-08-03 11:19:49 - INFO - [Coleta_de_dados.apis.fbref.verificar_extracao] - 📦 Gerando temporadas de fallback...
2025-08-03 11:19:49 - INFO - [Coleta_de_dados.apis.fbref.verificar_extracao] - 📦 Geradas 10 temporadas de fallback
2025-08-03 11:19:49 - INFO - [Coleta_de_dados.apis.fbref.verificar_extracao] - 📋 Total de temporadas identificadas: 10
2025-08-03 11:19:49 - INFO - [Coleta_de_dados.apis.fbref.verificar_extracao] - Verificando competição: Champions League (Masculino)
2025-08-03 11:19:49 - INFO - [Coleta_de_dados.apis.fbref.verificar_extracao] - 🔍 Verificação rápida de temporadas: https://fbref.com/en/comps/8/history/Champions-League-Seasons
2025-08-03 11:19:57 - WARNING - [Coleta_de_dados.apis.fbref.verificar_extracao] - ⏰ Verificação de temporadas demorou demais - usando fallback
2025-08-03 11:19:57 - INFO - [Coleta_de_dados.apis.fbref.verificar_extracao] - 📦 Gerando temporadas de fallback...
2025-08-03 11:19:57 - INFO - [Coleta_de_dados.apis.fbref.verificar_extracao] - 📦 Geradas 6 temporadas de fallback
2025-08-03 11:19:57 - INFO - [Coleta_de_dados.apis.fbref.verificar_extracao] - 📋 Total de temporadas identificadas: 6
2025-08-03 11:19:57 - INFO - [Coleta_de_dados.apis.fbref.verificar_extracao] - Verificando competição: Europa League (Masculino)
2025-08-03 11:19:57 - INFO - [Coleta_de_dados.apis.fbref.verificar_extracao] - 🔍 Verificação rápida de temporadas: https://fbref.com/en/comps/19/history/Europa-League-Seasons
2025-08-03 11:20:05 - WARNING - [Coleta_de_dados.apis.fbref.verificar_extracao] - ⏰ Verificação de temporadas demorou demais - usando fallback
2025-08-03 11:20:05 - INFO - [Coleta_de_dados.apis.fbref.verificar_extracao] - 📦 Gerando temporadas de fallback...
2025-08-03 11:20:05 - INFO - [Coleta_de_dados.apis.fbref.verificar_extracao] - 📦 Geradas 5 temporadas de fallback
2025-08-03 11:20:05 - INFO - [Coleta_de_dados.apis.fbref.verificar_extracao] - 📋 Total de temporadas identificadas: 5
2025-08-03 11:20:05 - INFO - [Coleta_de_dados.apis.fbref.verificar_extracao] - Verificando competição: La Liga (Masculino)
2025-08-03 11:20:05 - INFO - [Coleta_de_dados.apis.fbref.verificar_extracao] - 🔍 Verificação rápida de temporadas: https://fbref.com/en/comps/12/history/La-Liga-Seasons
2025-08-03 11:20:13 - WARNING - [Coleta_de_dados.apis.fbref.verificar_extracao] - ⏰ Verificação de temporadas demorou demais - usando fallback
2025-08-03 11:20:13 - INFO - [Coleta_de_dados.apis.fbref.verificar_extracao] - 📦 Gerando temporadas de fallback...
2025-08-03 11:20:13 - INFO - [Coleta_de_dados.apis.fbref.verificar_extracao] - 📦 Geradas 10 temporadas de fallback
2025-08-03 11:20:13 - INFO - [Coleta_de_dados.apis.fbref.verificar_extracao] - 📋 Total de temporadas identificadas: 10
2025-08-03 11:20:13 - INFO - [Coleta_de_dados.apis.fbref.verificar_extracao] - Verificando competição: Ligue 1 (Masculino)
2025-08-03 11:20:13 - INFO - [Coleta_de_dados.apis.fbref.verificar_extracao] - 🔍 Verificação rápida de temporadas: https://fbref.com/en/comps/13/history/Ligue-1-Seasons
2025-08-03 11:20:21 - WARNING - [Coleta_de_dados.apis.fbref.verificar_extracao] - ⏰ Verificação de temporadas demorou demais - usando fallback
2025-08-03 11:20:21 - INFO - [Coleta_de_dados.apis.fbref.verificar_extracao] - 📦 Gerando temporadas de fallback...
2025-08-03 11:20:21 - INFO - [Coleta_de_dados.apis.fbref.verificar_extracao] - 📦 Geradas 10 temporadas de fallback
2025-08-03 11:20:21 - INFO - [Coleta_de_dados.apis.fbref.verificar_extracao] - 📋 Total de temporadas identificadas: 10
2025-08-03 11:20:21 - INFO - [Coleta_de_dados.apis.fbref.verificar_extracao] - Verificando competição: Premier League (Masculino)
2025-08-03 11:20:21 - INFO - [Coleta_de_dados.apis.fbref.verificar_extracao] - 🔍 Verificação rápida de temporadas: https://fbref.com/en/comps/9/history/Premier-League-Seasons
2025-08-03 11:20:29 - WARNING - [Coleta_de_dados.apis.fbref.verificar_extracao] - ⏰ Verificação de temporadas demorou demais - usando fallback
2025-08-03 11:20:29 - INFO - [Coleta_de_dados.apis.fbref.verificar_extracao] - 📦 Gerando temporadas de fallback...
2025-08-03 11:20:29 - INFO - [Coleta_de_dados.apis.fbref.verificar_extracao] - 📦 Geradas 10 temporadas de fallback
2025-08-03 11:20:29 - INFO - [Coleta_de_dados.apis.fbref.verificar_extracao] - 📋 Total de temporadas identificadas: 10
2025-08-03 11:20:29 - INFO - [Coleta_de_dados.apis.fbref.verificar_extracao] - Verificando competição: Premier League (Feminino)
2025-08-03 11:20:29 - INFO - [Coleta_de_dados.apis.fbref.verificar_extracao] - 🔍 Verificação rápida de temporadas: https://fbref.com/en/comps/182/history/Womens-Super-League-Seasons
2025-08-03 11:20:37 - WARNING - [Coleta_de_dados.apis.fbref.verificar_extracao] - ⏰ Verificação de temporadas demorou demais - usando fallback
2025-08-03 11:20:37 - INFO - [Coleta_de_dados.apis.fbref.verificar_extracao] - 📦 Gerando temporadas de fallback...
2025-08-03 11:20:37 - INFO - [Coleta_de_dados.apis.fbref.verificar_extracao] - 📦 Geradas 5 temporadas de fallback
2025-08-03 11:20:37 - INFO - [Coleta_de_dados.apis.fbref.verificar_extracao] - 📋 Total de temporadas identificadas: 5
2025-08-03 11:20:37 - INFO - [Coleta_de_dados.apis.fbref.verificar_extracao] - Verificando competição: Serie A (Masculino)
2025-08-03 11:20:37 - INFO - [Coleta_de_dados.apis.fbref.verificar_extracao] - 🔍 Verificação rápida de temporadas: https://fbref.com/en/comps/11/history/Serie-A-Seasons
2025-08-03 11:20:45 - WARNING - [Coleta_de_dados.apis.fbref.verificar_extracao] - ⏰ Verificação de temporadas demorou demais - usando fallback
2025-08-03 11:20:45 - INFO - [Coleta_de_dados.apis.fbref.verificar_extracao] - 📦 Gerando temporadas de fallback...
2025-08-03 11:20:45 - INFO - [Coleta_de_dados.apis.fbref.verificar_extracao] - 📦 Geradas 10 temporadas de fallback
2025-08-03 11:20:45 - INFO - [Coleta_de_dados.apis.fbref.verificar_extracao] - 📋 Total de temporadas identificadas: 10
2025-08-03 11:20:45 - INFO - [Coleta_de_dados.apis.fbref.verificar_extracao] - Verificando competição: Serie A (W) (Feminino)
2025-08-03 11:20:45 - INFO - [Coleta_de_dados.apis.fbref.verificar_extracao] - 🔍 Verificação rápida de temporadas: https://fbref.com/en/comps/106/history/Serie-A-Seasons
2025-08-03 11:20:53 - WARNING - [Coleta_de_dados.apis.fbref.verificar_extracao] - ⏰ Verificação de temporadas demorou demais - usando fallback
2025-08-03 11:20:53 - INFO - [Coleta_de_dados.apis.fbref.verificar_extracao] - 📦 Gerando temporadas de fallback...
2025-08-03 11:20:53 - INFO - [Coleta_de_dados.apis.fbref.verificar_extracao] - 📦 Geradas 10 temporadas de fallback
2025-08-03 11:20:53 - INFO - [Coleta_de_dados.apis.fbref.verificar_extracao] - 📋 Total de temporadas identificadas: 10
2025-08-03 11:20:53 - INFO - [Coleta_de_dados.apis.fbref.verificar_extracao] - Verificando competição: World Cup (Masculino)
2025-08-03 11:20:53 - INFO - [Coleta_de_dados.apis.fbref.verificar_extracao] - 🔍 Verificação rápida de temporadas: https://fbref.com/en/comps/1/history/World-Cup-Seasons
2025-08-03 11:21:01 - WARNING - [Coleta_de_dados.apis.fbref.verificar_extracao] - ⏰ Verificação de temporadas demorou demais - usando fallback
2025-08-03 11:21:01 - INFO - [Coleta_de_dados.apis.fbref.verificar_extracao] - 📦 Gerando temporadas de fallback...
2025-08-03 11:21:01 - INFO - [Coleta_de_dados.apis.fbref.verificar_extracao] - 📦 Geradas 2 temporadas de fallback
2025-08-03 11:21:01 - INFO - [Coleta_de_dados.apis.fbref.verificar_extracao] - 📋 Total de temporadas identificadas: 2
2025-08-03 11:21:01 - INFO - [Coleta_de_dados.apis.fbref.verificar_extracao] - 
================================================================================
2025-08-03 11:21:01 - INFO - [Coleta_de_dados.apis.fbref.verificar_extracao] - 📊 RELATÓRIO DE VERIFICAÇÃO DE EXTRAÇÃO
2025-08-03 11:21:01 - INFO - [Coleta_de_dados.apis.fbref.verificar_extracao] - ================================================================================
2025-08-03 11:21:01 - INFO - [Coleta_de_dados.apis.fbref.verificar_extracao] - 📈 Total de competições: 10
2025-08-03 11:21:01 - INFO - [Coleta_de_dados.apis.fbref.verificar_extracao] - ✅ Competições completas: 0
2025-08-03 11:21:01 - INFO - [Coleta_de_dados.apis.fbref.verificar_extracao] - ⚠️  Competições incompletas: 1
2025-08-03 11:21:01 - INFO - [Coleta_de_dados.apis.fbref.verificar_extracao] - ❌ Competições não extraídas: 0
2025-08-03 11:21:01 - INFO - [Coleta_de_dados.apis.fbref.verificar_extracao] - 
📋 DETALHES POR COMPETIÇÃO:
2025-08-03 11:21:01 - INFO - [Coleta_de_dados.apis.fbref.verificar_extracao] -   ⏳ Bundesliga (Masculino)
2025-08-03 11:21:01 - INFO - [Coleta_de_dados.apis.fbref.verificar_extracao] -     └─ Status: PENDENTE
2025-08-03 11:21:01 - INFO - [Coleta_de_dados.apis.fbref.verificar_extracao] -     └─ Temporadas: 67/10
2025-08-03 11:21:01 - INFO - [Coleta_de_dados.apis.fbref.verificar_extracao] -     └─ Pendentes: 67
2025-08-03 11:21:01 - INFO - [Coleta_de_dados.apis.fbref.verificar_extracao] -   ⏳ Champions League (Masculino)
2025-08-03 11:21:01 - INFO - [Coleta_de_dados.apis.fbref.verificar_extracao] -     └─ Status: PENDENTE
2025-08-03 11:21:01 - INFO - [Coleta_de_dados.apis.fbref.verificar_extracao] -     └─ Temporadas: 73/6
2025-08-03 11:21:01 - INFO - [Coleta_de_dados.apis.fbref.verificar_extracao] -     └─ Pendentes: 73
2025-08-03 11:21:01 - INFO - [Coleta_de_dados.apis.fbref.verificar_extracao] -   ⏳ Europa League (Masculino)
2025-08-03 11:21:01 - INFO - [Coleta_de_dados.apis.fbref.verificar_extracao] -     └─ Status: PENDENTE
2025-08-03 11:21:01 - INFO - [Coleta_de_dados.apis.fbref.verificar_extracao] -     └─ Temporadas: 57/5
2025-08-03 11:21:01 - INFO - [Coleta_de_dados.apis.fbref.verificar_extracao] -     └─ Pendentes: 57
2025-08-03 11:21:01 - INFO - [Coleta_de_dados.apis.fbref.verificar_extracao] -   ⏳ La Liga (Masculino)
2025-08-03 11:21:01 - INFO - [Coleta_de_dados.apis.fbref.verificar_extracao] -     └─ Status: PENDENTE
2025-08-03 11:21:01 - INFO - [Coleta_de_dados.apis.fbref.verificar_extracao] -     └─ Temporadas: 40/10
2025-08-03 11:21:01 - INFO - [Coleta_de_dados.apis.fbref.verificar_extracao] -     └─ Pendentes: 40
2025-08-03 11:21:01 - INFO - [Coleta_de_dados.apis.fbref.verificar_extracao] -   ⏳ Ligue 1 (Masculino)
2025-08-03 11:21:01 - INFO - [Coleta_de_dados.apis.fbref.verificar_extracao] -     └─ Status: PENDENTE
2025-08-03 11:21:01 - INFO - [Coleta_de_dados.apis.fbref.verificar_extracao] -     └─ Temporadas: 40/10
2025-08-03 11:21:01 - INFO - [Coleta_de_dados.apis.fbref.verificar_extracao] -     └─ Pendentes: 40
2025-08-03 11:21:01 - INFO - [Coleta_de_dados.apis.fbref.verificar_extracao] -   ⏳ Premier League (Masculino)
2025-08-03 11:21:01 - INFO - [Coleta_de_dados.apis.fbref.verificar_extracao] -     └─ Status: PENDENTE
2025-08-03 11:21:01 - INFO - [Coleta_de_dados.apis.fbref.verificar_extracao] -     └─ Temporadas: 38/10
2025-08-03 11:21:01 - INFO - [Coleta_de_dados.apis.fbref.verificar_extracao] -     └─ Pendentes: 38
2025-08-03 11:21:01 - INFO - [Coleta_de_dados.apis.fbref.verificar_extracao] -   ⏳ Premier League (Feminino)
2025-08-03 11:21:01 - INFO - [Coleta_de_dados.apis.fbref.verificar_extracao] -     └─ Status: PENDENTE
2025-08-03 11:21:01 - INFO - [Coleta_de_dados.apis.fbref.verificar_extracao] -     └─ Temporadas: 15/5
2025-08-03 11:21:01 - INFO - [Coleta_de_dados.apis.fbref.verificar_extracao] -     └─ Pendentes: 15
2025-08-03 11:21:01 - INFO - [Coleta_de_dados.apis.fbref.verificar_extracao] -   ⏳ Serie A (Masculino)
2025-08-03 11:21:01 - INFO - [Coleta_de_dados.apis.fbref.verificar_extracao] -     └─ Status: PENDENTE
2025-08-03 11:21:01 - INFO - [Coleta_de_dados.apis.fbref.verificar_extracao] -     └─ Temporadas: 40/10
2025-08-03 11:21:01 - INFO - [Coleta_de_dados.apis.fbref.verificar_extracao] -     └─ Pendentes: 40
2025-08-03 11:21:01 - INFO - [Coleta_de_dados.apis.fbref.verificar_extracao] -   ⚠️ Serie A (W) (Feminino)
2025-08-03 11:21:01 - INFO - [Coleta_de_dados.apis.fbref.verificar_extracao] -     └─ Status: INCOMPLETA
2025-08-03 11:21:01 - INFO - [Coleta_de_dados.apis.fbref.verificar_extracao] -     └─ Temporadas: 5/10
2025-08-03 11:21:01 - INFO - [Coleta_de_dados.apis.fbref.verificar_extracao] -     └─ Pendentes: 5
2025-08-03 11:21:01 - INFO - [Coleta_de_dados.apis.fbref.verificar_extracao] -   ⏳ World Cup (Masculino)
2025-08-03 11:21:01 - INFO - [Coleta_de_dados.apis.fbref.verificar_extracao] -     └─ Status: PENDENTE
2025-08-03 11:21:01 - INFO - [Coleta_de_dados.apis.fbref.verificar_extracao] -     └─ Temporadas: 24/2
2025-08-03 11:21:01 - INFO - [Coleta_de_dados.apis.fbref.verificar_extracao] -     └─ Pendentes: 24
2025-08-03 11:21:01 - INFO - [Coleta_de_dados.apis.fbref.verificar_extracao] - 
🚨 COMPETIÇÕES QUE PRECISAM DE ATENÇÃO:
2025-08-03 11:21:01 - INFO - [Coleta_de_dados.apis.fbref.verificar_extracao] -   ❗ Serie A (W) (Feminino)
2025-08-03 11:21:01 - INFO - [Coleta_de_dados.apis.fbref.verificar_extracao] -     └─ URL: https://fbref.com/en/comps/106/history/Serie-A-Seasons
2025-08-03 11:21:01 - INFO - [Coleta_de_dados.apis.fbref.verificar_extracao] - ================================================================================
2025-08-03 11:21:01 - INFO - [Coleta_de_dados.apis.fbref.verificar_extracao] - ✅ Verificação completa finalizada!
