2025-08-03 12:03:04 - INFO - [utils.log_utils] - Sistema de log configurado. A saída será salva em: logs\pipeline_run_2025-08-03_12-03-04.log
2025-08-03 12:03:04 - INFO - [utils.log_utils] - Sistema de log configurado. A saída será salva em: logs\pipeline_run_2025-08-03_12-03-04.log
2025-08-03 12:03:05 - INFO - [Coleta_de_dados.apis.fbref.fbref_fallback_system] - Dados de fallback salvos em: C:\ApostaPro\cache_fbref\fallback_competitions.json
2025-08-03 12:03:05 - INFO - [Coleta_de_dados.apis.fbref.orquestrador_coleta] - 🚀🚀🚀 INICIANDO A PIPELINE COMPLETA DE DADOS DO FBREF 🚀🚀🚀
2025-08-03 12:03:05 - INFO - [Coleta_de_dados.apis.fbref.orquestrador_coleta] - Configuração: {'continuar_em_erro': True, 'salvar_logs_detalhados': True, 'backup_antes_execucao': True, 'timeout_global': 14400, 'intervalo_checkpoint': 300, 'modo_teste': False, 'limite_competicoes': None}
2025-08-03 12:03:05 - INFO - [Coleta_de_dados.apis.fbref.orquestrador_coleta] - 
--- [ETAPA 1 de 9] Executando: Preparação do Banco de Dados ---
2025-08-03 12:03:06 - INFO - [Coleta_de_dados.apis.fbref.orquestrador_coleta] - --- [ETAPA 1] Finalizada com sucesso! ---
2025-08-03 12:03:06 - INFO - [Coleta_de_dados.apis.fbref.orquestrador_coleta] - ✅ Etapa 'preparacao_banco' executada com sucesso - continuando pipeline
2025-08-03 12:03:06 - INFO - [Coleta_de_dados.apis.fbref.orquestrador_coleta] - 
--- [ETAPA 2 de 9] Executando: Descoberta de Competições e Temporadas ---
2025-08-03 12:03:08 - INFO - [Coleta_de_dados.apis.fbref.orquestrador_coleta] - --- [ETAPA 2] Finalizada com sucesso! ---
2025-08-03 12:03:08 - INFO - [Coleta_de_dados.apis.fbref.orquestrador_coleta] - ✅ Etapa 'descoberta_links' executada com sucesso - continuando pipeline
2025-08-03 12:03:08 - INFO - [Coleta_de_dados.apis.fbref.orquestrador_coleta] - 
--- [ETAPA 3 de 9] Executando: Verificação da Completude da Extração ---
2025-08-03 12:04:29 - INFO - [Coleta_de_dados.apis.fbref.orquestrador_coleta] - --- [ETAPA 3] Finalizada com sucesso! ---
2025-08-03 12:04:29 - INFO - [Coleta_de_dados.apis.fbref.orquestrador_coleta] - ✅ Etapa 'verificacao_extracao' executada com sucesso - continuando pipeline
2025-08-03 12:04:29 - INFO - [Coleta_de_dados.apis.fbref.orquestrador_coleta] - 
--- [ETAPA 4 de 9] Executando: Coleta de Dados de Partidas ---
2025-08-03 13:04:29 - ERROR - [Coleta_de_dados.apis.fbref.orquestrador_coleta] - --- [ETAPA 4] TIMEOUT: Timeout após 3600s ---
2025-08-03 13:04:29 - WARNING - [Coleta_de_dados.apis.fbref.orquestrador_coleta] - 🔄 Etapa obrigatória 'coleta_partidas' falhou - continuando por configuração
2025-08-03 13:04:29 - WARNING - [Coleta_de_dados.apis.fbref.orquestrador_coleta] - 📋 Detalhes do erro: Timeout: Timeout após 3600s
2025-08-03 13:04:29 - INFO - [Coleta_de_dados.apis.fbref.orquestrador_coleta] - 
--- [ETAPA 5 de 9] Executando: Coleta de Estatísticas Detalhadas ---
2025-08-03 13:21:23 - WARNING - [Coleta_de_dados.apis.fbref.orquestrador_coleta] - 🛑 Pipeline interrompida pelo usuário (Ctrl+C)
2025-08-03 13:21:23 - INFO - [Coleta_de_dados.apis.fbref.orquestrador_coleta] - 
================================================================================
2025-08-03 13:21:23 - INFO - [Coleta_de_dados.apis.fbref.orquestrador_coleta] - 📊 RELATÓRIO FINAL DA PIPELINE
2025-08-03 13:21:23 - INFO - [Coleta_de_dados.apis.fbref.orquestrador_coleta] - ================================================================================
2025-08-03 13:21:23 - INFO - [Coleta_de_dados.apis.fbref.orquestrador_coleta] - ⏱️  Tempo total de execução: 01:18:17
2025-08-03 13:21:23 - INFO - [Coleta_de_dados.apis.fbref.orquestrador_coleta] - 📈 Etapas executadas: 5/9
2025-08-03 13:21:23 - INFO - [Coleta_de_dados.apis.fbref.orquestrador_coleta] - ✅ Etapas com sucesso: 3
2025-08-03 13:21:23 - INFO - [Coleta_de_dados.apis.fbref.orquestrador_coleta] - ❌ Etapas com erro: 2
2025-08-03 13:21:23 - INFO - [Coleta_de_dados.apis.fbref.orquestrador_coleta] - 
📋 DETALHES POR ETAPA:
2025-08-03 13:21:23 - INFO - [Coleta_de_dados.apis.fbref.orquestrador_coleta] -   ✅ SUCESSO | preparacao_banco     | 00:00:00
2025-08-03 13:21:23 - INFO - [Coleta_de_dados.apis.fbref.orquestrador_coleta] -   ✅ SUCESSO | descoberta_links     | 00:00:01
2025-08-03 13:21:23 - INFO - [Coleta_de_dados.apis.fbref.orquestrador_coleta] -   ✅ SUCESSO | verificacao_extracao | 00:01:21
2025-08-03 13:21:23 - INFO - [Coleta_de_dados.apis.fbref.orquestrador_coleta] -   ❌ ERRO | coleta_partidas      | 01:00:00
2025-08-03 13:21:23 - INFO - [Coleta_de_dados.apis.fbref.orquestrador_coleta] -     └─ Erro: Timeout: Timeout após 3600s
2025-08-03 13:21:23 - INFO - [Coleta_de_dados.apis.fbref.orquestrador_coleta] - ================================================================================
2025-08-03 13:21:23 - ERROR - [Coleta_de_dados.apis.fbref.orquestrador_coleta] - ❌❌❌ PIPELINE FINALIZADA COM ERROS ❌❌❌
