2025-08-03 12:56:56 - INFO - [utils.log_utils] - Sistema de log configurado. A saída será salva em: logs\pipeline_run_2025-08-03_12-56-56.log
2025-08-03 12:56:56 - INFO - [utils.log_utils] - Sistema de log configurado. A saída será salva em: logs\pipeline_run_2025-08-03_12-56-56.log
2025-08-03 12:56:57 - INFO - [Coleta_de_dados.apis.fbref.fbref_fallback_system] - Dados de fallback salvos em: C:\ApostaPro\cache_fbref\fallback_competitions.json
2025-08-03 12:56:57 - INFO - [Coleta_de_dados.apis.fbref.orquestrador_coleta] - Iniciando verificação da completude da extração...
2025-08-03 12:56:57 - INFO - [Coleta_de_dados.apis.fbref.verificar_extracao] - 🔍 Iniciando verificação completa de extração...
2025-08-03 12:56:57 - INFO - [Coleta_de_dados.apis.fbref.verificar_extracao] - Verificando competição: Bundesliga (Masculino)
2025-08-03 12:56:57 - INFO - [Coleta_de_dados.apis.fbref.verificar_extracao] - 🔍 Verificação rápida de temporadas: https://fbref.com/en/comps/20/history/Bundesliga-Seasons
2025-08-03 12:57:00 - INFO - [hang_detection] - 🔍 Sistema de detecção de travamentos ATIVADO
2025-08-03 12:57:00 - INFO - [hang_detection] - 🔄 INICIANDO: HTTP_REQUEST
2025-08-03 12:57:00 - INFO - [hang_detection] -    Detalhes: URL: https://fbref.com/en/comps/20/history/Bundesliga-Seasons
2025-08-03 12:57:00 - INFO - [hang_detection] -    Timeout: 40s
2025-08-03 12:57:00 - INFO - [hang_detection] -    ID: HTTP_REQUEST_1754236620
2025-08-03 12:57:00 - INFO - [Coleta_de_dados.apis.fbref.fbref_utils] - 🔍 Detecção de travamentos ativada para: https://fbref.com/en/comps/20/history/Bundesliga-Seasons
2025-08-03 12:57:00 - INFO - [Coleta_de_dados.apis.fbref.anti_429_state_machine] - Maquina de estados anti-429 inicializada em estado NOMINAL
2025-08-03 12:57:00 - INFO - [Coleta_de_dados.apis.fbref.proxy_rotation_system] - Sistema de rotacao de proxies inicializado
2025-08-03 12:57:00 - INFO - [Coleta_de_dados.apis.fbref.browser_emulation_headers] - Sistema de emulacao de cabecalhos HTTP inicializado
2025-08-03 12:57:00 - INFO - [Coleta_de_dados.apis.fbref.fbref_utils] - Sistemas anti-429 inicializados com sucesso
2025-08-03 12:57:00 - INFO - [Coleta_de_dados.apis.fbref.simple_anti_blocking] - Sistema anti-bloqueio simplificado inicializado
2025-08-03 12:57:00 - INFO - [Coleta_de_dados.apis.fbref.advanced_anti_blocking] - Sistema avançado anti-bloqueio inicializado
2025-08-03 12:57:00 - INFO - [Coleta_de_dados.apis.fbref.fallback_first_system] - Sistema Fallback-First inicializado
2025-08-03 12:57:05 - WARNING - [Coleta_de_dados.apis.fbref.verificar_extracao] - ⏰ Verificação de temporadas demorou demais - usando fallback
2025-08-03 12:57:05 - INFO - [Coleta_de_dados.apis.fbref.verificar_extracao] - 📦 Gerando temporadas de fallback...
2025-08-03 12:57:05 - INFO - [Coleta_de_dados.apis.fbref.verificar_extracao] - 📦 Geradas 10 temporadas de fallback
2025-08-03 12:57:05 - INFO - [Coleta_de_dados.apis.fbref.verificar_extracao] - 📋 Total de temporadas identificadas: 10
2025-08-03 12:57:05 - INFO - [Coleta_de_dados.apis.fbref.verificar_extracao] - Verificando competição: Champions League (Masculino)
2025-08-03 12:57:05 - INFO - [Coleta_de_dados.apis.fbref.verificar_extracao] - 🔍 Verificação rápida de temporadas: https://fbref.com/en/comps/8/history/Champions-League-Seasons
2025-08-03 12:57:08 - INFO - [hang_detection] - 🔄 INICIANDO: HTTP_REQUEST
2025-08-03 12:57:08 - INFO - [hang_detection] -    Detalhes: URL: https://fbref.com/en/comps/8/history/Champions-League-Seasons
2025-08-03 12:57:08 - INFO - [hang_detection] -    Timeout: 40s
2025-08-03 12:57:08 - INFO - [hang_detection] -    ID: HTTP_REQUEST_1754236628
2025-08-03 12:57:08 - INFO - [Coleta_de_dados.apis.fbref.fbref_utils] - 🔍 Detecção de travamentos ativada para: https://fbref.com/en/comps/8/history/Champions-League-Seasons
2025-08-03 12:57:10 - WARNING - [Coleta_de_dados.apis.fbref.fallback_first_system] - Timeout na requisição para https://fbref.com/en/comps/20/history/Bundesliga-Seasons após 10s
2025-08-03 12:57:10 - INFO - [hang_detection] - ❌ FALHOU: HTTP
2025-08-03 12:57:10 - INFO - [hang_detection] -    Duração: 10.02s
2025-08-03 12:57:10 - INFO - [hang_detection] -    Detalhes:  | Erro: Requisição controlada falhou
2025-08-03 12:57:10 - INFO - [Coleta_de_dados.apis.fbref.verificar_extracao] - ⚠️ Requisição retornou None - usando fallback
2025-08-03 12:57:13 - WARNING - [Coleta_de_dados.apis.fbref.verificar_extracao] - ⏰ Verificação de temporadas demorou demais - usando fallback
2025-08-03 12:57:13 - INFO - [Coleta_de_dados.apis.fbref.verificar_extracao] - 📦 Gerando temporadas de fallback...
2025-08-03 12:57:13 - INFO - [Coleta_de_dados.apis.fbref.verificar_extracao] - 📦 Geradas 6 temporadas de fallback
2025-08-03 12:57:13 - INFO - [Coleta_de_dados.apis.fbref.verificar_extracao] - 📋 Total de temporadas identificadas: 6
2025-08-03 12:57:13 - INFO - [Coleta_de_dados.apis.fbref.verificar_extracao] - Verificando competição: Europa League (Masculino)
2025-08-03 12:57:13 - INFO - [Coleta_de_dados.apis.fbref.verificar_extracao] - 🔍 Verificação rápida de temporadas: https://fbref.com/en/comps/19/history/Europa-League-Seasons
2025-08-03 12:57:16 - INFO - [hang_detection] - 🔄 INICIANDO: HTTP_REQUEST
2025-08-03 12:57:16 - INFO - [hang_detection] -    Detalhes: URL: https://fbref.com/en/comps/19/history/Europa-League-Seasons
2025-08-03 12:57:16 - INFO - [hang_detection] -    Timeout: 40s
2025-08-03 12:57:16 - INFO - [hang_detection] -    ID: HTTP_REQUEST_1754236636
2025-08-03 12:57:16 - INFO - [Coleta_de_dados.apis.fbref.fbref_utils] - 🔍 Detecção de travamentos ativada para: https://fbref.com/en/comps/19/history/Europa-League-Seasons
2025-08-03 12:57:18 - WARNING - [Coleta_de_dados.apis.fbref.fallback_first_system] - Timeout na requisição para https://fbref.com/en/comps/8/history/Champions-League-Seasons após 10s
2025-08-03 12:57:18 - INFO - [hang_detection] - ❌ FALHOU: HTTP
2025-08-03 12:57:18 - INFO - [hang_detection] -    Duração: 10.01s
2025-08-03 12:57:18 - INFO - [hang_detection] -    Detalhes:  | Erro: Requisição controlada falhou
2025-08-03 12:57:18 - INFO - [Coleta_de_dados.apis.fbref.verificar_extracao] - ⚠️ Requisição retornou None - usando fallback
2025-08-03 12:57:21 - WARNING - [Coleta_de_dados.apis.fbref.verificar_extracao] - ⏰ Verificação de temporadas demorou demais - usando fallback
2025-08-03 12:57:21 - INFO - [Coleta_de_dados.apis.fbref.verificar_extracao] - 📦 Gerando temporadas de fallback...
2025-08-03 12:57:21 - INFO - [Coleta_de_dados.apis.fbref.verificar_extracao] - 📦 Geradas 5 temporadas de fallback
2025-08-03 12:57:21 - INFO - [Coleta_de_dados.apis.fbref.verificar_extracao] - 📋 Total de temporadas identificadas: 5
2025-08-03 12:57:21 - INFO - [Coleta_de_dados.apis.fbref.verificar_extracao] - Verificando competição: La Liga (Masculino)
2025-08-03 12:57:21 - INFO - [Coleta_de_dados.apis.fbref.verificar_extracao] - 🔍 Verificação rápida de temporadas: https://fbref.com/en/comps/12/history/La-Liga-Seasons
2025-08-03 12:57:24 - INFO - [hang_detection] - 🔄 INICIANDO: HTTP_REQUEST
2025-08-03 12:57:24 - INFO - [hang_detection] -    Detalhes: URL: https://fbref.com/en/comps/12/history/La-Liga-Seasons
2025-08-03 12:57:24 - INFO - [hang_detection] -    Timeout: 40s
2025-08-03 12:57:24 - INFO - [hang_detection] -    ID: HTTP_REQUEST_1754236644
2025-08-03 12:57:24 - INFO - [Coleta_de_dados.apis.fbref.fbref_utils] - 🔍 Detecção de travamentos ativada para: https://fbref.com/en/comps/12/history/La-Liga-Seasons
2025-08-03 12:57:26 - WARNING - [Coleta_de_dados.apis.fbref.fallback_first_system] - Timeout na requisição para https://fbref.com/en/comps/19/history/Europa-League-Seasons após 10s
2025-08-03 12:57:26 - INFO - [hang_detection] - ❌ FALHOU: HTTP
2025-08-03 12:57:26 - INFO - [hang_detection] -    Duração: 10.00s
2025-08-03 12:57:26 - INFO - [hang_detection] -    Detalhes:  | Erro: Requisição controlada falhou
2025-08-03 12:57:26 - INFO - [Coleta_de_dados.apis.fbref.verificar_extracao] - ⚠️ Requisição retornou None - usando fallback
2025-08-03 12:57:29 - WARNING - [Coleta_de_dados.apis.fbref.verificar_extracao] - ⏰ Verificação de temporadas demorou demais - usando fallback
2025-08-03 12:57:29 - INFO - [Coleta_de_dados.apis.fbref.verificar_extracao] - 📦 Gerando temporadas de fallback...
2025-08-03 12:57:29 - INFO - [Coleta_de_dados.apis.fbref.verificar_extracao] - 📦 Geradas 10 temporadas de fallback
2025-08-03 12:57:29 - INFO - [Coleta_de_dados.apis.fbref.verificar_extracao] - 📋 Total de temporadas identificadas: 10
2025-08-03 12:57:29 - INFO - [Coleta_de_dados.apis.fbref.verificar_extracao] - Verificando competição: Ligue 1 (Masculino)
2025-08-03 12:57:29 - INFO - [Coleta_de_dados.apis.fbref.verificar_extracao] - 🔍 Verificação rápida de temporadas: https://fbref.com/en/comps/13/history/Ligue-1-Seasons
2025-08-03 12:57:32 - INFO - [hang_detection] - 🔄 INICIANDO: HTTP_REQUEST
2025-08-03 12:57:32 - INFO - [hang_detection] -    Detalhes: URL: https://fbref.com/en/comps/13/history/Ligue-1-Seasons
2025-08-03 12:57:32 - INFO - [hang_detection] -    Timeout: 40s
2025-08-03 12:57:32 - INFO - [hang_detection] -    ID: HTTP_REQUEST_1754236652
2025-08-03 12:57:32 - INFO - [Coleta_de_dados.apis.fbref.fbref_utils] - 🔍 Detecção de travamentos ativada para: https://fbref.com/en/comps/13/history/Ligue-1-Seasons
2025-08-03 12:57:32 - WARNING - [Coleta_de_dados.apis.fbref.fallback_first_system] - Entrando em modo fallback por 10 minutos
2025-08-03 12:57:32 - INFO - [Coleta_de_dados.apis.fbref.verificar_extracao] - ⚠️ Requisição retornou None - usando fallback
2025-08-03 12:57:32 - INFO - [Coleta_de_dados.apis.fbref.verificar_extracao] - 📋 Total de temporadas identificadas: 0
2025-08-03 12:57:32 - INFO - [Coleta_de_dados.apis.fbref.verificar_extracao] - Verificando competição: Premier League (Masculino)
2025-08-03 12:57:32 - INFO - [Coleta_de_dados.apis.fbref.verificar_extracao] - 🔍 Verificação rápida de temporadas: https://fbref.com/en/comps/9/history/Premier-League-Seasons
2025-08-03 12:57:34 - WARNING - [Coleta_de_dados.apis.fbref.fallback_first_system] - Timeout na requisição para https://fbref.com/en/comps/12/history/La-Liga-Seasons após 10s
2025-08-03 12:57:34 - INFO - [hang_detection] - ❌ FALHOU: HTTP
2025-08-03 12:57:34 - INFO - [hang_detection] -    Duração: 10.01s
2025-08-03 12:57:34 - INFO - [hang_detection] -    Detalhes:  | Erro: Requisição controlada falhou
2025-08-03 12:57:34 - INFO - [Coleta_de_dados.apis.fbref.verificar_extracao] - ⚠️ Requisição retornou None - usando fallback
2025-08-03 12:57:35 - INFO - [hang_detection] - 🔄 INICIANDO: HTTP_REQUEST
2025-08-03 12:57:35 - INFO - [hang_detection] -    Detalhes: URL: https://fbref.com/en/comps/9/history/Premier-League-Seasons
2025-08-03 12:57:35 - INFO - [hang_detection] -    Timeout: 40s
2025-08-03 12:57:35 - INFO - [hang_detection] -    ID: HTTP_REQUEST_1754236655
2025-08-03 12:57:35 - INFO - [Coleta_de_dados.apis.fbref.fbref_utils] - 🔍 Detecção de travamentos ativada para: https://fbref.com/en/comps/9/history/Premier-League-Seasons
2025-08-03 12:57:35 - INFO - [Coleta_de_dados.apis.fbref.verificar_extracao] - ⚠️ Requisição retornou None - usando fallback
2025-08-03 12:57:35 - INFO - [Coleta_de_dados.apis.fbref.verificar_extracao] - 📋 Total de temporadas identificadas: 0
2025-08-03 12:57:35 - INFO - [Coleta_de_dados.apis.fbref.verificar_extracao] - Verificando competição: Premier League (Feminino)
2025-08-03 12:57:35 - INFO - [Coleta_de_dados.apis.fbref.verificar_extracao] - 🔍 Verificação rápida de temporadas: https://fbref.com/en/comps/182/history/Womens-Super-League-Seasons
2025-08-03 12:57:38 - INFO - [hang_detection] - 🔄 INICIANDO: HTTP_REQUEST
2025-08-03 12:57:38 - INFO - [hang_detection] -    Detalhes: URL: https://fbref.com/en/comps/182/history/Womens-Super-League-Seasons
2025-08-03 12:57:38 - INFO - [hang_detection] -    Timeout: 40s
2025-08-03 12:57:38 - INFO - [hang_detection] -    ID: HTTP_REQUEST_1754236658
2025-08-03 12:57:38 - INFO - [Coleta_de_dados.apis.fbref.fbref_utils] - 🔍 Detecção de travamentos ativada para: https://fbref.com/en/comps/182/history/Womens-Super-League-Seasons
2025-08-03 12:57:38 - INFO - [Coleta_de_dados.apis.fbref.verificar_extracao] - ⚠️ Requisição retornou None - usando fallback
2025-08-03 12:57:38 - INFO - [Coleta_de_dados.apis.fbref.verificar_extracao] - 📋 Total de temporadas identificadas: 0
2025-08-03 12:57:38 - INFO - [Coleta_de_dados.apis.fbref.verificar_extracao] - Verificando competição: Serie A (Masculino)
2025-08-03 12:57:38 - INFO - [Coleta_de_dados.apis.fbref.verificar_extracao] - 🔍 Verificação rápida de temporadas: https://fbref.com/en/comps/11/history/Serie-A-Seasons
2025-08-03 12:57:41 - INFO - [hang_detection] - 🔄 INICIANDO: HTTP_REQUEST
2025-08-03 12:57:41 - INFO - [hang_detection] -    Detalhes: URL: https://fbref.com/en/comps/11/history/Serie-A-Seasons
2025-08-03 12:57:41 - INFO - [hang_detection] -    Timeout: 40s
2025-08-03 12:57:41 - INFO - [hang_detection] -    ID: HTTP_REQUEST_1754236661
2025-08-03 12:57:41 - INFO - [Coleta_de_dados.apis.fbref.fbref_utils] - 🔍 Detecção de travamentos ativada para: https://fbref.com/en/comps/11/history/Serie-A-Seasons
2025-08-03 12:57:41 - INFO - [Coleta_de_dados.apis.fbref.verificar_extracao] - ⚠️ Requisição retornou None - usando fallback
2025-08-03 12:57:41 - INFO - [Coleta_de_dados.apis.fbref.verificar_extracao] - 📋 Total de temporadas identificadas: 0
2025-08-03 12:57:41 - INFO - [Coleta_de_dados.apis.fbref.verificar_extracao] - Verificando competição: Serie A (W) (Feminino)
2025-08-03 12:57:41 - INFO - [Coleta_de_dados.apis.fbref.verificar_extracao] - 🔍 Verificação rápida de temporadas: https://fbref.com/en/comps/106/history/Serie-A-Seasons
2025-08-03 12:57:44 - INFO - [hang_detection] - 🔄 INICIANDO: HTTP_REQUEST
2025-08-03 12:57:44 - INFO - [hang_detection] -    Detalhes: URL: https://fbref.com/en/comps/106/history/Serie-A-Seasons
2025-08-03 12:57:44 - INFO - [hang_detection] -    Timeout: 40s
2025-08-03 12:57:44 - INFO - [hang_detection] -    ID: HTTP_REQUEST_1754236664
2025-08-03 12:57:44 - INFO - [Coleta_de_dados.apis.fbref.fbref_utils] - 🔍 Detecção de travamentos ativada para: https://fbref.com/en/comps/106/history/Serie-A-Seasons
2025-08-03 12:57:44 - INFO - [Coleta_de_dados.apis.fbref.verificar_extracao] - ⚠️ Requisição retornou None - usando fallback
2025-08-03 12:57:44 - INFO - [Coleta_de_dados.apis.fbref.verificar_extracao] - 📋 Total de temporadas identificadas: 0
2025-08-03 12:57:44 - INFO - [Coleta_de_dados.apis.fbref.verificar_extracao] - Verificando competição: World Cup (Masculino)
2025-08-03 12:57:44 - INFO - [Coleta_de_dados.apis.fbref.verificar_extracao] - 🔍 Verificação rápida de temporadas: https://fbref.com/en/comps/1/history/World-Cup-Seasons
2025-08-03 12:57:47 - INFO - [hang_detection] - 🔄 INICIANDO: HTTP_REQUEST
2025-08-03 12:57:47 - INFO - [hang_detection] -    Detalhes: URL: https://fbref.com/en/comps/1/history/World-Cup-Seasons
2025-08-03 12:57:47 - INFO - [hang_detection] -    Timeout: 40s
2025-08-03 12:57:47 - INFO - [hang_detection] -    ID: HTTP_REQUEST_1754236667
2025-08-03 12:57:47 - INFO - [Coleta_de_dados.apis.fbref.fbref_utils] - 🔍 Detecção de travamentos ativada para: https://fbref.com/en/comps/1/history/World-Cup-Seasons
2025-08-03 12:57:47 - INFO - [Coleta_de_dados.apis.fbref.verificar_extracao] - ⚠️ Requisição retornou None - usando fallback
2025-08-03 12:57:47 - INFO - [Coleta_de_dados.apis.fbref.verificar_extracao] - 📋 Total de temporadas identificadas: 0
2025-08-03 12:57:47 - INFO - [Coleta_de_dados.apis.fbref.verificar_extracao] - 
================================================================================
2025-08-03 12:57:47 - INFO - [Coleta_de_dados.apis.fbref.verificar_extracao] - 📊 RELATÓRIO DE VERIFICAÇÃO DE EXTRAÇÃO
2025-08-03 12:57:47 - INFO - [Coleta_de_dados.apis.fbref.verificar_extracao] - ================================================================================
2025-08-03 12:57:47 - INFO - [Coleta_de_dados.apis.fbref.verificar_extracao] - 📈 Total de competições: 10
2025-08-03 12:57:47 - INFO - [Coleta_de_dados.apis.fbref.verificar_extracao] - ✅ Competições completas: 1
2025-08-03 12:57:47 - INFO - [Coleta_de_dados.apis.fbref.verificar_extracao] - ⚠️  Competições incompletas: 0
2025-08-03 12:57:47 - INFO - [Coleta_de_dados.apis.fbref.verificar_extracao] - ❌ Competições não extraídas: 0
2025-08-03 12:57:47 - INFO - [Coleta_de_dados.apis.fbref.verificar_extracao] - 
📋 DETALHES POR COMPETIÇÃO:
2025-08-03 12:57:47 - INFO - [Coleta_de_dados.apis.fbref.verificar_extracao] -   ⏳ Bundesliga (Masculino)
2025-08-03 12:57:47 - INFO - [Coleta_de_dados.apis.fbref.verificar_extracao] -     └─ Status: PENDENTE
2025-08-03 12:57:47 - INFO - [Coleta_de_dados.apis.fbref.verificar_extracao] -     └─ Temporadas: 67/10
2025-08-03 12:57:47 - INFO - [Coleta_de_dados.apis.fbref.verificar_extracao] -     └─ Pendentes: 62
2025-08-03 12:57:47 - INFO - [Coleta_de_dados.apis.fbref.verificar_extracao] -   ⏳ Champions League (Masculino)
2025-08-03 12:57:47 - INFO - [Coleta_de_dados.apis.fbref.verificar_extracao] -     └─ Status: PENDENTE
2025-08-03 12:57:47 - INFO - [Coleta_de_dados.apis.fbref.verificar_extracao] -     └─ Temporadas: 73/6
2025-08-03 12:57:47 - INFO - [Coleta_de_dados.apis.fbref.verificar_extracao] -     └─ Pendentes: 70
2025-08-03 12:57:47 - INFO - [Coleta_de_dados.apis.fbref.verificar_extracao] -   ⏳ Europa League (Masculino)
2025-08-03 12:57:47 - INFO - [Coleta_de_dados.apis.fbref.verificar_extracao] -     └─ Status: PENDENTE
2025-08-03 12:57:47 - INFO - [Coleta_de_dados.apis.fbref.verificar_extracao] -     └─ Temporadas: 57/5
2025-08-03 12:57:47 - INFO - [Coleta_de_dados.apis.fbref.verificar_extracao] -     └─ Pendentes: 54
2025-08-03 12:57:47 - INFO - [Coleta_de_dados.apis.fbref.verificar_extracao] -   ⏳ La Liga (Masculino)
2025-08-03 12:57:47 - INFO - [Coleta_de_dados.apis.fbref.verificar_extracao] -     └─ Status: PENDENTE
2025-08-03 12:57:47 - INFO - [Coleta_de_dados.apis.fbref.verificar_extracao] -     └─ Temporadas: 40/10
2025-08-03 12:57:47 - INFO - [Coleta_de_dados.apis.fbref.verificar_extracao] -     └─ Pendentes: 35
2025-08-03 12:57:47 - INFO - [Coleta_de_dados.apis.fbref.verificar_extracao] -   ⏳ Ligue 1 (Masculino)
2025-08-03 12:57:47 - INFO - [Coleta_de_dados.apis.fbref.verificar_extracao] -     └─ Status: PENDENTE
2025-08-03 12:57:47 - INFO - [Coleta_de_dados.apis.fbref.verificar_extracao] -     └─ Temporadas: 40/0
2025-08-03 12:57:47 - INFO - [Coleta_de_dados.apis.fbref.verificar_extracao] -     └─ Pendentes: 35
2025-08-03 12:57:47 - INFO - [Coleta_de_dados.apis.fbref.verificar_extracao] -   ⏳ Premier League (Masculino)
2025-08-03 12:57:47 - INFO - [Coleta_de_dados.apis.fbref.verificar_extracao] -     └─ Status: PENDENTE
2025-08-03 12:57:47 - INFO - [Coleta_de_dados.apis.fbref.verificar_extracao] -     └─ Temporadas: 38/0
2025-08-03 12:57:47 - INFO - [Coleta_de_dados.apis.fbref.verificar_extracao] -     └─ Pendentes: 29
2025-08-03 12:57:47 - INFO - [Coleta_de_dados.apis.fbref.verificar_extracao] -   ⏳ Premier League (Feminino)
2025-08-03 12:57:47 - INFO - [Coleta_de_dados.apis.fbref.verificar_extracao] -     └─ Status: PENDENTE
2025-08-03 12:57:47 - INFO - [Coleta_de_dados.apis.fbref.verificar_extracao] -     └─ Temporadas: 15/0
2025-08-03 12:57:47 - INFO - [Coleta_de_dados.apis.fbref.verificar_extracao] -     └─ Pendentes: 15
2025-08-03 12:57:47 - INFO - [Coleta_de_dados.apis.fbref.verificar_extracao] -   ⏳ Serie A (Masculino)
2025-08-03 12:57:47 - INFO - [Coleta_de_dados.apis.fbref.verificar_extracao] -     └─ Status: PENDENTE
2025-08-03 12:57:47 - INFO - [Coleta_de_dados.apis.fbref.verificar_extracao] -     └─ Temporadas: 40/0
2025-08-03 12:57:47 - INFO - [Coleta_de_dados.apis.fbref.verificar_extracao] -     └─ Pendentes: 35
2025-08-03 12:57:47 - INFO - [Coleta_de_dados.apis.fbref.verificar_extracao] -   ✅ Serie A (W) (Feminino)
2025-08-03 12:57:47 - INFO - [Coleta_de_dados.apis.fbref.verificar_extracao] -     └─ Status: COMPLETA
2025-08-03 12:57:47 - INFO - [Coleta_de_dados.apis.fbref.verificar_extracao] -     └─ Temporadas: 5/0
2025-08-03 12:57:47 - INFO - [Coleta_de_dados.apis.fbref.verificar_extracao] -   ⏳ World Cup (Masculino)
2025-08-03 12:57:47 - INFO - [Coleta_de_dados.apis.fbref.verificar_extracao] -     └─ Status: PENDENTE
2025-08-03 12:57:47 - INFO - [Coleta_de_dados.apis.fbref.verificar_extracao] -     └─ Temporadas: 24/0
2025-08-03 12:57:47 - INFO - [Coleta_de_dados.apis.fbref.verificar_extracao] -     └─ Pendentes: 22
2025-08-03 12:57:47 - INFO - [Coleta_de_dados.apis.fbref.verificar_extracao] - ================================================================================
2025-08-03 12:57:47 - INFO - [Coleta_de_dados.apis.fbref.verificar_extracao] - ✅ Verificação completa finalizada!
