2025-08-03 13:16:14 - INFO - [utils.log_utils] - Sistema de log configurado. A saída será salva em: logs\pipeline_run_2025-08-03_13-16-14.log
2025-08-03 13:16:14 - INFO - [utils.log_utils] - Sistema de log configurado. A saída será salva em: logs\pipeline_run_2025-08-03_13-16-14.log
2025-08-03 13:16:14 - INFO - [Coleta_de_dados.apis.fbref.fbref_fallback_system] - Dados de fallback salvos em: C:\ApostaPro\cache_fbref\fallback_competitions.json
2025-08-03 13:16:14 - INFO - [Coleta_de_dados.apis.fbref.orquestrador_coleta] - Iniciando coleta de estatísticas detalhadas...
2025-08-03 13:16:14 - INFO - [Coleta_de_dados.apis.fbref.coletar_estatisticas_detalhadas] - 🚀 Iniciando Script 3: Coleta de Estatísticas COMPLETAS...
2025-08-03 13:16:14 - INFO - [Coleta_de_dados.apis.fbref.coletar_estatisticas_detalhadas] - Configurando banco de dados com a estrutura completa de estatísticas...
2025-08-03 13:16:14 - INFO - [Coleta_de_dados.apis.fbref.coletar_estatisticas_detalhadas] - Estrutura do banco de dados atualizada com sucesso.
2025-08-03 13:16:14 - INFO - [Coleta_de_dados.apis.fbref.coletar_estatisticas_detalhadas] - Encontrados 1021 relatórios de partida pendentes.
2025-08-03 13:16:14 - INFO - [Coleta_de_dados.apis.fbref.coletar_estatisticas_detalhadas] - 
--- Processando Partida ID 242 ---
2025-08-03 13:16:17 - INFO - [hang_detection] - 🔍 Sistema de detecção de travamentos ATIVADO
2025-08-03 13:16:17 - INFO - [hang_detection] - 🔄 INICIANDO: HTTP_REQUEST
2025-08-03 13:16:17 - INFO - [hang_detection] -    Detalhes: URL: https://fbref.com/en/matches/2023-08-12
2025-08-03 13:16:17 - INFO - [hang_detection] -    Timeout: 40s
2025-08-03 13:16:17 - INFO - [hang_detection] -    ID: HTTP_REQUEST_1754237777
2025-08-03 13:16:17 - INFO - [Coleta_de_dados.apis.fbref.fbref_utils] - 🔍 Detecção de travamentos ativada para: https://fbref.com/en/matches/2023-08-12
2025-08-03 13:16:17 - INFO - [Coleta_de_dados.apis.fbref.emergency_fallback_mode] - Sistema de emergência inicializado
2025-08-03 13:16:17 - INFO - [Coleta_de_dados.apis.fbref.anti_429_state_machine] - Maquina de estados anti-429 inicializada em estado NOMINAL
2025-08-03 13:16:17 - INFO - [Coleta_de_dados.apis.fbref.proxy_rotation_system] - Sistema de rotacao de proxies inicializado
2025-08-03 13:16:17 - INFO - [Coleta_de_dados.apis.fbref.browser_emulation_headers] - Sistema de emulacao de cabecalhos HTTP inicializado
2025-08-03 13:16:17 - INFO - [Coleta_de_dados.apis.fbref.fbref_utils] - Sistemas anti-429 inicializados com sucesso
2025-08-03 13:16:17 - INFO - [Coleta_de_dados.apis.fbref.simple_anti_blocking] - Sistema anti-bloqueio simplificado inicializado
2025-08-03 13:16:17 - INFO - [Coleta_de_dados.apis.fbref.advanced_anti_blocking] - Sistema avançado anti-bloqueio inicializado
2025-08-03 13:16:17 - INFO - [Coleta_de_dados.apis.fbref.fallback_first_system] - Sistema Fallback-First inicializado
2025-08-03 13:16:28 - WARNING - [Coleta_de_dados.apis.fbref.fallback_first_system] - Timeout na requisição para https://fbref.com/en/matches/2023-08-12 após 10s
2025-08-03 13:16:28 - INFO - [hang_detection] - ❌ FALHOU: HTTP
2025-08-03 13:16:28 - INFO - [hang_detection] -    Duração: 10.02s
2025-08-03 13:16:28 - INFO - [hang_detection] -    Detalhes:  | Erro: Requisição controlada falhou
2025-08-03 13:16:28 - ERROR - [Coleta_de_dados.apis.fbref.coletar_estatisticas_detalhadas] -   -> Falha ao obter conteúdo da partida 242
2025-08-03 13:16:28 - INFO - [Coleta_de_dados.apis.fbref.coletar_estatisticas_detalhadas] - 
--- Processando Partida ID 243 ---
2025-08-03 13:16:31 - INFO - [hang_detection] - 🔄 INICIANDO: HTTP_REQUEST
2025-08-03 13:16:31 - INFO - [hang_detection] -    Detalhes: URL: https://fbref.com/en/matches/2023-08-13
2025-08-03 13:16:31 - INFO - [hang_detection] -    Timeout: 40s
2025-08-03 13:16:31 - INFO - [hang_detection] -    ID: HTTP_REQUEST_1754237791
2025-08-03 13:16:31 - INFO - [Coleta_de_dados.apis.fbref.fbref_utils] - 🔍 Detecção de travamentos ativada para: https://fbref.com/en/matches/2023-08-13
2025-08-03 13:16:41 - WARNING - [Coleta_de_dados.apis.fbref.fallback_first_system] - Timeout na requisição para https://fbref.com/en/matches/2023-08-13 após 10s
2025-08-03 13:16:41 - INFO - [hang_detection] - ❌ FALHOU: HTTP
2025-08-03 13:16:41 - INFO - [hang_detection] -    Duração: 10.01s
2025-08-03 13:16:41 - INFO - [hang_detection] -    Detalhes:  | Erro: Requisição controlada falhou
2025-08-03 13:16:41 - ERROR - [Coleta_de_dados.apis.fbref.coletar_estatisticas_detalhadas] -   -> Falha ao obter conteúdo da partida 243
2025-08-03 13:16:41 - INFO - [Coleta_de_dados.apis.fbref.coletar_estatisticas_detalhadas] - 
--- Processando Partida ID 244 ---
2025-08-03 13:16:44 - INFO - [hang_detection] - 🔄 INICIANDO: HTTP_REQUEST
2025-08-03 13:16:44 - INFO - [hang_detection] -    Detalhes: URL: https://fbref.com/en/matches/2023-08-14
2025-08-03 13:16:44 - INFO - [hang_detection] -    Timeout: 40s
2025-08-03 13:16:44 - INFO - [hang_detection] -    ID: HTTP_REQUEST_1754237804
2025-08-03 13:16:44 - INFO - [Coleta_de_dados.apis.fbref.fbref_utils] - 🔍 Detecção de travamentos ativada para: https://fbref.com/en/matches/2023-08-14
2025-08-03 13:16:54 - WARNING - [Coleta_de_dados.apis.fbref.fallback_first_system] - Timeout na requisição para https://fbref.com/en/matches/2023-08-14 após 10s
2025-08-03 13:16:54 - INFO - [hang_detection] - ❌ FALHOU: HTTP
2025-08-03 13:16:54 - INFO - [hang_detection] -    Duração: 10.00s
2025-08-03 13:16:54 - INFO - [hang_detection] -    Detalhes:  | Erro: Requisição controlada falhou
2025-08-03 13:16:54 - ERROR - [Coleta_de_dados.apis.fbref.coletar_estatisticas_detalhadas] -   -> Falha ao obter conteúdo da partida 244
2025-08-03 13:16:54 - INFO - [Coleta_de_dados.apis.fbref.coletar_estatisticas_detalhadas] - 
--- Processando Partida ID 245 ---
2025-08-03 13:16:57 - INFO - [hang_detection] - 🔄 INICIANDO: HTTP_REQUEST
2025-08-03 13:16:57 - INFO - [hang_detection] -    Detalhes: URL: https://fbref.com/en/matches/2023-08-18
2025-08-03 13:16:57 - INFO - [hang_detection] -    Timeout: 40s
2025-08-03 13:16:57 - INFO - [hang_detection] -    ID: HTTP_REQUEST_1754237817
2025-08-03 13:16:57 - INFO - [Coleta_de_dados.apis.fbref.fbref_utils] - 🔍 Detecção de travamentos ativada para: https://fbref.com/en/matches/2023-08-18
2025-08-03 13:16:57 - WARNING - [Coleta_de_dados.apis.fbref.fallback_first_system] - Entrando em modo fallback por 10 minutos
2025-08-03 13:16:57 - ERROR - [Coleta_de_dados.apis.fbref.coletar_estatisticas_detalhadas] -   -> Falha ao obter conteúdo da partida 245
2025-08-03 13:16:57 - INFO - [Coleta_de_dados.apis.fbref.coletar_estatisticas_detalhadas] - 
--- Processando Partida ID 246 ---
2025-08-03 13:17:00 - INFO - [hang_detection] - 🔄 INICIANDO: HTTP_REQUEST
2025-08-03 13:17:00 - INFO - [hang_detection] -    Detalhes: URL: https://fbref.com/en/matches/2023-08-19
2025-08-03 13:17:00 - INFO - [hang_detection] -    Timeout: 40s
2025-08-03 13:17:00 - INFO - [hang_detection] -    ID: HTTP_REQUEST_1754237820
2025-08-03 13:17:00 - INFO - [Coleta_de_dados.apis.fbref.fbref_utils] - 🔍 Detecção de travamentos ativada para: https://fbref.com/en/matches/2023-08-19
2025-08-03 13:17:00 - ERROR - [Coleta_de_dados.apis.fbref.coletar_estatisticas_detalhadas] -   -> Falha ao obter conteúdo da partida 246
2025-08-03 13:17:00 - INFO - [Coleta_de_dados.apis.fbref.coletar_estatisticas_detalhadas] - 
--- Processando Partida ID 247 ---
2025-08-03 13:17:03 - INFO - [hang_detection] - 🔄 INICIANDO: HTTP_REQUEST
2025-08-03 13:17:03 - INFO - [hang_detection] -    Detalhes: URL: https://fbref.com/en/matches/2023-08-20
2025-08-03 13:17:03 - INFO - [hang_detection] -    Timeout: 40s
2025-08-03 13:17:03 - INFO - [hang_detection] -    ID: HTTP_REQUEST_1754237823
2025-08-03 13:17:03 - INFO - [Coleta_de_dados.apis.fbref.fbref_utils] - 🔍 Detecção de travamentos ativada para: https://fbref.com/en/matches/2023-08-20
2025-08-03 13:17:03 - ERROR - [Coleta_de_dados.apis.fbref.coletar_estatisticas_detalhadas] -   -> Falha ao obter conteúdo da partida 247
2025-08-03 13:17:03 - INFO - [Coleta_de_dados.apis.fbref.coletar_estatisticas_detalhadas] - 
--- Processando Partida ID 248 ---
2025-08-03 13:17:06 - INFO - [hang_detection] - 🔄 INICIANDO: HTTP_REQUEST
2025-08-03 13:17:06 - INFO - [hang_detection] -    Detalhes: URL: https://fbref.com/en/matches/2023-08-21
2025-08-03 13:17:06 - INFO - [hang_detection] -    Timeout: 40s
2025-08-03 13:17:06 - INFO - [hang_detection] -    ID: HTTP_REQUEST_1754237826
2025-08-03 13:17:06 - INFO - [Coleta_de_dados.apis.fbref.fbref_utils] - 🔍 Detecção de travamentos ativada para: https://fbref.com/en/matches/2023-08-21
2025-08-03 13:17:06 - ERROR - [Coleta_de_dados.apis.fbref.coletar_estatisticas_detalhadas] -   -> Falha ao obter conteúdo da partida 248
2025-08-03 13:17:06 - INFO - [Coleta_de_dados.apis.fbref.coletar_estatisticas_detalhadas] - 
--- Processando Partida ID 249 ---
2025-08-03 13:17:09 - INFO - [hang_detection] - 🔄 INICIANDO: HTTP_REQUEST
2025-08-03 13:17:09 - INFO - [hang_detection] -    Detalhes: URL: https://fbref.com/en/matches/2023-08-25
2025-08-03 13:17:09 - INFO - [hang_detection] -    Timeout: 40s
2025-08-03 13:17:09 - INFO - [hang_detection] -    ID: HTTP_REQUEST_1754237829
2025-08-03 13:17:09 - INFO - [Coleta_de_dados.apis.fbref.fbref_utils] - 🔍 Detecção de travamentos ativada para: https://fbref.com/en/matches/2023-08-25
2025-08-03 13:17:09 - ERROR - [Coleta_de_dados.apis.fbref.coletar_estatisticas_detalhadas] -   -> Falha ao obter conteúdo da partida 249
2025-08-03 13:17:09 - INFO - [Coleta_de_dados.apis.fbref.coletar_estatisticas_detalhadas] - 
--- Processando Partida ID 250 ---
