[2025-07-26 16:41:42] [INFO] Iniciando coleta completa da TheSportsDB
[2025-07-26 16:41:44] [ERRO] Erro ao salvar na tabela ligas: no such table: ligas
[2025-07-26 16:41:46] [ERRO] Erro ao salvar na tabela times: no such table: times
[2025-07-26 16:41:48] [ERRO] Erro ao salvar na tabela jogadores: no such table: jogadores
[2025-07-26 16:41:48] [ERRO] Erro ao salvar na tabela jogadores: no such table: jogadores
[2025-07-26 16:41:48] [ERRO] Erro ao salvar na tabela jogadores: no such table: jogadores
[2025-07-26 16:41:48] [ERRO] Erro ao salvar na tabela jogadores: no such table: jogadores
[2025-07-26 16:41:48] [ERRO] Erro ao salvar na tabela jogadores: no such table: jogadores
[2025-07-26 16:41:48] [ERRO] Erro ao salvar na tabela jogadores: no such table: jogadores
[2025-07-26 16:41:48] [ERRO] Erro ao salvar na tabela jogadores: no such table: jogadores
[2025-07-26 16:41:48] [ERRO] Erro ao salvar na tabela jogadores: no such table: jogadores
[2025-07-26 16:41:48] [ERRO] Erro ao salvar na tabela jogadores: no such table: jogadores
[2025-07-26 16:41:48] [ERRO] Erro ao salvar na tabela jogadores: no such table: jogadores
[2025-07-26 16:41:49] [ERRO] Erro ao salvar na tabela jogos: no such table: jogos
[2025-07-26 16:41:49] [ERRO] Erro ao salvar na tabela times: no such table: times
[2025-07-26 16:41:50] [ERRO] Erro ao salvar na tabela jogadores: no such table: jogadores
[2025-07-26 16:41:50] [ERRO] Erro ao salvar na tabela jogadores: no such table: jogadores
[2025-07-26 16:41:50] [ERRO] Erro ao salvar na tabela jogadores: no such table: jogadores
[2025-07-26 16:41:50] [ERRO] Erro ao salvar na tabela jogadores: no such table: jogadores
[2025-07-26 16:41:50] [ERRO] Erro ao salvar na tabela jogadores: no such table: jogadores
[2025-07-26 16:41:50] [ERRO] Erro ao salvar na tabela jogadores: no such table: jogadores
[2025-07-26 16:41:50] [ERRO] Erro ao salvar na tabela jogadores: no such table: jogadores
[2025-07-26 16:41:50] [ERRO] Erro ao salvar na tabela jogadores: no such table: jogadores
[2025-07-26 16:41:50] [ERRO] Erro ao salvar na tabela jogadores: no such table: jogadores
[2025-07-26 16:41:50] [ERRO] Erro ao salvar na tabela jogadores: no such table: jogadores
[2025-07-26 16:41:52] [ERRO] Erro ao salvar na tabela jogos: no such table: jogos
[2025-07-26 16:41:52] [ERRO] Erro ao salvar na tabela times: no such table: times
[2025-07-26 16:41:53] [ERRO] Erro ao salvar na tabela jogadores: no such table: jogadores
[2025-07-26 16:41:53] [ERRO] Erro ao salvar na tabela jogadores: no such table: jogadores
[2025-07-26 16:41:53] [ERRO] Erro ao salvar na tabela jogadores: no such table: jogadores
[2025-07-26 16:41:53] [ERRO] Erro ao salvar na tabela jogadores: no such table: jogadores
[2025-07-26 16:41:53] [ERRO] Erro ao salvar na tabela jogadores: no such table: jogadores
[2025-07-26 16:41:53] [ERRO] Erro ao salvar na tabela jogadores: no such table: jogadores
[2025-07-26 16:41:53] [ERRO] Erro ao salvar na tabela jogadores: no such table: jogadores
[2025-07-26 16:41:53] [ERRO] Erro ao salvar na tabela jogadores: no such table: jogadores
[2025-07-26 16:41:53] [ERRO] Erro ao salvar na tabela jogadores: no such table: jogadores
[2025-07-26 16:41:53] [ERRO] Erro ao salvar na tabela jogadores: no such table: jogadores
[2025-07-26 16:41:55] [ERRO] Erro ao salvar na tabela jogos: no such table: jogos
[2025-07-26 16:41:55] [ERRO] Erro ao salvar na tabela times: no such table: times
[2025-07-26 16:41:56] [ERRO] Erro ao salvar na tabela jogadores: no such table: jogadores
[2025-07-26 16:41:56] [ERRO] Erro ao salvar na tabela jogadores: no such table: jogadores
[2025-07-26 16:41:56] [ERRO] Erro ao salvar na tabela jogadores: no such table: jogadores
[2025-07-26 16:41:56] [ERRO] Erro ao salvar na tabela jogadores: no such table: jogadores
[2025-07-26 16:41:56] [ERRO] Erro ao salvar na tabela jogadores: no such table: jogadores
[2025-07-26 16:41:56] [ERRO] Erro ao salvar na tabela jogadores: no such table: jogadores
[2025-07-26 16:41:56] [ERRO] Erro ao salvar na tabela jogadores: no such table: jogadores
[2025-07-26 16:41:56] [ERRO] Erro ao salvar na tabela jogadores: no such table: jogadores
[2025-07-26 16:41:56] [ERRO] Erro ao salvar na tabela jogadores: no such table: jogadores
[2025-07-26 16:41:56] [ERRO] Erro ao salvar na tabela jogadores: no such table: jogadores
[2025-07-26 16:41:58] [ERRO] Erro ao salvar na tabela jogos: no such table: jogos
[2025-07-26 16:41:58] [ERRO] Erro ao salvar na tabela times: no such table: times
[2025-07-26 16:41:59] [ERRO] Erro ao salvar na tabela jogadores: no such table: jogadores
[2025-07-26 16:41:59] [ERRO] Erro ao salvar na tabela jogadores: no such table: jogadores
[2025-07-26 16:41:59] [ERRO] Erro ao salvar na tabela jogadores: no such table: jogadores
[2025-07-26 16:41:59] [ERRO] Erro ao salvar na tabela jogadores: no such table: jogadores
[2025-07-26 16:41:59] [ERRO] Erro ao salvar na tabela jogadores: no such table: jogadores
[2025-07-26 16:41:59] [ERRO] Erro ao salvar na tabela jogadores: no such table: jogadores
[2025-07-26 16:41:59] [ERRO] Erro ao salvar na tabela jogadores: no such table: jogadores
[2025-07-26 16:41:59] [ERRO] Erro ao salvar na tabela jogadores: no such table: jogadores
[2025-07-26 16:41:59] [ERRO] Erro ao salvar na tabela jogadores: no such table: jogadores
[2025-07-26 16:41:59] [ERRO] Erro ao salvar na tabela jogadores: no such table: jogadores
[2025-07-26 16:42:00] [ERRO] Erro ao salvar na tabela jogos: no such table: jogos
[2025-07-26 16:42:00] [ERRO] Erro ao salvar na tabela times: no such table: times
[2025-07-26 16:42:02] [ERRO] Erro ao salvar na tabela jogadores: no such table: jogadores
[2025-07-26 16:42:02] [ERRO] Erro ao salvar na tabela jogadores: no such table: jogadores
[2025-07-26 16:42:02] [ERRO] Erro ao salvar na tabela jogadores: no such table: jogadores
[2025-07-26 16:42:02] [ERRO] Erro ao salvar na tabela jogadores: no such table: jogadores
[2025-07-26 16:42:02] [ERRO] Erro ao salvar na tabela jogadores: no such table: jogadores
[2025-07-26 16:42:02] [ERRO] Erro ao salvar na tabela jogadores: no such table: jogadores
[2025-07-26 16:42:02] [ERRO] Erro ao salvar na tabela jogadores: no such table: jogadores
[2025-07-26 16:42:02] [ERRO] Erro ao salvar na tabela jogadores: no such table: jogadores
[2025-07-26 16:42:02] [ERRO] Erro ao salvar na tabela jogadores: no such table: jogadores
[2025-07-26 16:42:02] [ERRO] Erro ao salvar na tabela jogadores: no such table: jogadores
[2025-07-26 16:42:03] [ERRO] Erro ao salvar na tabela jogos: no such table: jogos
[2025-07-26 16:42:03] [ERRO] Erro ao salvar na tabela times: no such table: times
[2025-07-26 16:42:04] [ERRO] Erro ao salvar na tabela jogadores: no such table: jogadores
[2025-07-26 16:42:04] [ERRO] Erro ao salvar na tabela jogadores: no such table: jogadores
[2025-07-26 16:42:04] [ERRO] Erro ao salvar na tabela jogadores: no such table: jogadores
[2025-07-26 16:42:04] [ERRO] Erro ao salvar na tabela jogadores: no such table: jogadores
[2025-07-26 16:42:04] [ERRO] Erro ao salvar na tabela jogadores: no such table: jogadores
[2025-07-26 16:42:04] [ERRO] Erro ao salvar na tabela jogadores: no such table: jogadores
[2025-07-26 16:42:04] [ERRO] Erro ao salvar na tabela jogadores: no such table: jogadores
[2025-07-26 16:42:04] [ERRO] Erro ao salvar na tabela jogadores: no such table: jogadores
[2025-07-26 16:42:04] [ERRO] Erro ao salvar na tabela jogadores: no such table: jogadores
[2025-07-26 16:42:04] [ERRO] Erro ao salvar na tabela jogadores: no such table: jogadores
[2025-07-26 16:42:06] [ERRO] Erro ao salvar na tabela jogos: no such table: jogos
[2025-07-26 16:42:06] [ERRO] Erro ao salvar na tabela times: no such table: times
[2025-07-26 16:42:07] [ERRO] Erro ao salvar na tabela jogadores: no such table: jogadores
[2025-07-26 16:42:07] [ERRO] Erro ao salvar na tabela jogadores: no such table: jogadores
[2025-07-26 16:42:07] [ERRO] Erro ao salvar na tabela jogadores: no such table: jogadores
[2025-07-26 16:42:07] [ERRO] Erro ao salvar na tabela jogadores: no such table: jogadores
[2025-07-26 16:42:07] [ERRO] Erro ao salvar na tabela jogadores: no such table: jogadores
[2025-07-26 16:42:07] [ERRO] Erro ao salvar na tabela jogadores: no such table: jogadores
[2025-07-26 16:42:07] [ERRO] Erro ao salvar na tabela jogadores: no such table: jogadores
[2025-07-26 16:42:07] [ERRO] Erro ao salvar na tabela jogadores: no such table: jogadores
[2025-07-26 16:42:07] [ERRO] Erro ao salvar na tabela jogadores: no such table: jogadores
[2025-07-26 16:42:07] [ERRO] Erro ao salvar na tabela jogadores: no such table: jogadores
[2025-07-26 16:42:09] [ERRO] Erro ao salvar na tabela jogos: no such table: jogos
[2025-07-26 16:42:09] [ERRO] Erro ao salvar na tabela times: no such table: times
[2025-07-26 16:42:10] [ERRO] Erro ao salvar na tabela jogadores: no such table: jogadores
[2025-07-26 16:42:10] [ERRO] Erro ao salvar na tabela jogadores: no such table: jogadores
[2025-07-26 16:42:10] [ERRO] Erro ao salvar na tabela jogadores: no such table: jogadores
[2025-07-26 16:42:10] [ERRO] Erro ao salvar na tabela jogadores: no such table: jogadores
[2025-07-26 16:42:10] [ERRO] Erro ao salvar na tabela jogadores: no such table: jogadores
[2025-07-26 16:42:10] [ERRO] Erro ao salvar na tabela jogadores: no such table: jogadores
[2025-07-26 16:42:10] [ERRO] Erro ao salvar na tabela jogadores: no such table: jogadores
[2025-07-26 16:42:10] [ERRO] Erro ao salvar na tabela jogadores: no such table: jogadores
[2025-07-26 16:42:10] [ERRO] Erro ao salvar na tabela jogadores: no such table: jogadores
[2025-07-26 16:42:10] [ERRO] Erro ao salvar na tabela jogadores: no such table: jogadores
[2025-07-26 16:42:11] [ERRO] Erro ao salvar na tabela jogos: no such table: jogos
[2025-07-26 16:42:11] [ERRO] Erro ao salvar na tabela times: no such table: times
[2025-07-26 16:42:13] [ERRO] Erro ao salvar na tabela jogadores: no such table: jogadores
[2025-07-26 16:42:13] [ERRO] Erro ao salvar na tabela jogadores: no such table: jogadores
[2025-07-26 16:42:13] [ERRO] Erro ao salvar na tabela jogadores: no such table: jogadores
[2025-07-26 16:42:13] [ERRO] Erro ao salvar na tabela jogadores: no such table: jogadores
[2025-07-26 16:42:13] [ERRO] Erro ao salvar na tabela jogadores: no such table: jogadores
[2025-07-26 16:42:13] [ERRO] Erro ao salvar na tabela jogadores: no such table: jogadores
[2025-07-26 16:42:13] [ERRO] Erro ao salvar na tabela jogadores: no such table: jogadores
[2025-07-26 16:42:13] [ERRO] Erro ao salvar na tabela jogadores: no such table: jogadores
[2025-07-26 16:42:13] [ERRO] Erro ao salvar na tabela jogadores: no such table: jogadores
[2025-07-26 16:42:13] [ERRO] Erro ao salvar na tabela jogadores: no such table: jogadores
[2025-07-26 16:42:14] [ERRO] Erro ao salvar na tabela jogos: no such table: jogos
[2025-07-26 16:42:14] [ERRO] Erro ao salvar na tabela ligas: no such table: ligas
[2025-07-26 16:42:16] [ERRO] Erro ao salvar na tabela times: no such table: times
[2025-07-26 16:42:17] [ERRO] Erro ao salvar na tabela jogadores: no such table: jogadores
[2025-07-26 16:42:17] [ERRO] Erro ao salvar na tabela jogadores: no such table: jogadores
[2025-07-26 16:42:17] [ERRO] Erro ao salvar na tabela jogadores: no such table: jogadores
[2025-07-26 16:42:17] [ERRO] Erro ao salvar na tabela jogadores: no such table: jogadores
[2025-07-26 16:42:17] [ERRO] Erro ao salvar na tabela jogadores: no such table: jogadores
[2025-07-26 16:42:17] [ERRO] Erro ao salvar na tabela jogadores: no such table: jogadores
[2025-07-26 16:42:17] [ERRO] Erro ao salvar na tabela jogadores: no such table: jogadores
[2025-07-26 16:42:17] [ERRO] Erro ao salvar na tabela jogadores: no such table: jogadores
[2025-07-26 16:42:17] [ERRO] Erro ao salvar na tabela jogadores: no such table: jogadores
[2025-07-26 16:42:17] [ERRO] Erro ao salvar na tabela jogadores: no such table: jogadores
[2025-07-26 16:42:18] [ERRO] Erro ao salvar na tabela jogos: no such table: jogos
[2025-07-26 16:42:18] [ERRO] Erro ao salvar na tabela times: no such table: times
[2025-07-26 16:42:20] [ERRO] Erro ao salvar na tabela jogadores: no such table: jogadores
[2025-07-26 16:42:20] [ERRO] Erro ao salvar na tabela jogadores: no such table: jogadores
[2025-07-26 16:42:20] [ERRO] Erro ao salvar na tabela jogadores: no such table: jogadores
[2025-07-26 16:42:20] [ERRO] Erro ao salvar na tabela jogadores: no such table: jogadores
[2025-07-26 16:42:20] [ERRO] Erro ao salvar na tabela jogadores: no such table: jogadores
[2025-07-26 16:42:20] [ERRO] Erro ao salvar na tabela jogadores: no such table: jogadores
[2025-07-26 16:42:20] [ERRO] Erro ao salvar na tabela jogadores: no such table: jogadores
[2025-07-26 16:42:20] [ERRO] Erro ao salvar na tabela jogadores: no such table: jogadores
[2025-07-26 16:42:20] [ERRO] Erro ao salvar na tabela jogadores: no such table: jogadores
[2025-07-26 16:42:20] [ERRO] Erro ao salvar na tabela jogadores: no such table: jogadores
[2025-07-26 16:42:21] [ERRO] Erro ao salvar na tabela jogos: no such table: jogos
[2025-07-26 16:42:21] [ERRO] Erro ao salvar na tabela times: no such table: times
[2025-07-26 16:42:23] [ERRO] Erro ao salvar na tabela jogadores: no such table: jogadores
[2025-07-26 16:42:23] [ERRO] Erro ao salvar na tabela jogadores: no such table: jogadores
[2025-07-26 16:42:23] [ERRO] Erro ao salvar na tabela jogadores: no such table: jogadores
[2025-07-26 16:42:23] [ERRO] Erro ao salvar na tabela jogadores: no such table: jogadores
[2025-07-26 16:42:23] [ERRO] Erro ao salvar na tabela jogadores: no such table: jogadores
[2025-07-26 16:42:23] [ERRO] Erro ao salvar na tabela jogadores: no such table: jogadores
[2025-07-26 16:42:23] [ERRO] Erro ao salvar na tabela jogadores: no such table: jogadores
[2025-07-26 16:42:23] [ERRO] Erro ao salvar na tabela jogadores: no such table: jogadores
[2025-07-26 16:42:23] [ERRO] Erro ao salvar na tabela jogadores: no such table: jogadores
[2025-07-26 16:42:23] [ERRO] Erro ao salvar na tabela jogadores: no such table: jogadores
[2025-07-26 16:42:25] [ERRO] Erro ao salvar na tabela jogos: no such table: jogos
[2025-07-26 16:42:25] [ERRO] Erro ao salvar na tabela times: no such table: times
[2025-07-26 16:42:26] [ERRO] Erro ao salvar na tabela jogadores: no such table: jogadores
[2025-07-26 16:42:26] [ERRO] Erro ao salvar na tabela jogadores: no such table: jogadores
[2025-07-26 16:42:26] [ERRO] Erro ao salvar na tabela jogadores: no such table: jogadores
[2025-07-26 16:42:26] [ERRO] Erro ao salvar na tabela jogadores: no such table: jogadores
[2025-07-26 16:42:26] [ERRO] Erro ao salvar na tabela jogadores: no such table: jogadores
[2025-07-26 16:42:26] [ERRO] Erro ao salvar na tabela jogadores: no such table: jogadores
[2025-07-26 16:42:26] [ERRO] Erro ao salvar na tabela jogadores: no such table: jogadores
[2025-07-26 16:42:26] [ERRO] Erro ao salvar na tabela jogadores: no such table: jogadores
[2025-07-26 16:42:26] [ERRO] Erro ao salvar na tabela jogadores: no such table: jogadores
[2025-07-26 16:42:26] [ERRO] Erro ao salvar na tabela jogadores: no such table: jogadores
[2025-07-26 16:42:27] [ERRO] Erro ao salvar na tabela jogos: no such table: jogos
[2025-07-26 16:42:27] [ERRO] Erro ao salvar na tabela times: no such table: times
[2025-07-26 16:42:29] [ERRO] Erro ao salvar na tabela jogadores: no such table: jogadores
[2025-07-26 16:42:29] [ERRO] Erro ao salvar na tabela jogadores: no such table: jogadores
[2025-07-26 16:42:29] [ERRO] Erro ao salvar na tabela jogadores: no such table: jogadores
[2025-07-26 16:42:29] [ERRO] Erro ao salvar na tabela jogadores: no such table: jogadores
[2025-07-26 16:42:29] [ERRO] Erro ao salvar na tabela jogadores: no such table: jogadores
[2025-07-26 16:42:29] [ERRO] Erro ao salvar na tabela jogadores: no such table: jogadores
[2025-07-26 16:42:29] [ERRO] Erro ao salvar na tabela jogadores: no such table: jogadores
[2025-07-26 16:42:29] [ERRO] Erro ao salvar na tabela jogadores: no such table: jogadores
[2025-07-26 16:42:29] [ERRO] Erro ao salvar na tabela jogadores: no such table: jogadores
[2025-07-26 16:42:29] [ERRO] Erro ao salvar na tabela jogadores: no such table: jogadores
[2025-07-26 16:42:30] [ERRO] Erro ao salvar na tabela jogos: no such table: jogos
[2025-07-26 16:42:30] [ERRO] Erro ao salvar na tabela times: no such table: times
[2025-07-26 16:42:32] [ERRO] Erro ao salvar na tabela jogadores: no such table: jogadores
[2025-07-26 16:42:32] [ERRO] Erro ao salvar na tabela jogadores: no such table: jogadores
[2025-07-26 16:42:32] [ERRO] Erro ao salvar na tabela jogadores: no such table: jogadores
[2025-07-26 16:42:32] [ERRO] Erro ao salvar na tabela jogadores: no such table: jogadores
[2025-07-26 16:42:32] [ERRO] Erro ao salvar na tabela jogadores: no such table: jogadores
[2025-07-26 16:42:32] [ERRO] Erro ao salvar na tabela jogadores: no such table: jogadores
[2025-07-26 16:42:32] [ERRO] Erro ao salvar na tabela jogadores: no such table: jogadores
[2025-07-26 16:42:32] [ERRO] Erro ao salvar na tabela jogadores: no such table: jogadores
[2025-07-26 16:42:32] [ERRO] Erro ao salvar na tabela jogadores: no such table: jogadores
[2025-07-26 16:42:32] [ERRO] Erro ao salvar na tabela jogadores: no such table: jogadores
[2025-07-26 16:42:33] [ERRO] Erro ao salvar na tabela jogos: no such table: jogos
[2025-07-26 16:42:33] [ERRO] Erro ao salvar na tabela times: no such table: times
[2025-07-26 16:42:35] [ERRO] Erro ao salvar na tabela jogadores: no such table: jogadores
[2025-07-26 16:42:35] [ERRO] Erro ao salvar na tabela jogadores: no such table: jogadores
[2025-07-26 16:42:35] [ERRO] Erro ao salvar na tabela jogadores: no such table: jogadores
[2025-07-26 16:42:35] [ERRO] Erro ao salvar na tabela jogadores: no such table: jogadores
[2025-07-26 16:42:35] [ERRO] Erro ao salvar na tabela jogadores: no such table: jogadores
[2025-07-26 16:42:35] [ERRO] Erro ao salvar na tabela jogadores: no such table: jogadores
[2025-07-26 16:42:35] [ERRO] Erro ao salvar na tabela jogadores: no such table: jogadores
[2025-07-26 16:42:35] [ERRO] Erro ao salvar na tabela jogadores: no such table: jogadores
[2025-07-26 16:42:35] [ERRO] Erro ao salvar na tabela jogadores: no such table: jogadores
[2025-07-26 16:42:35] [ERRO] Erro ao salvar na tabela jogadores: no such table: jogadores
[2025-07-26 16:42:36] [ERRO] Erro ao salvar na tabela jogos: no such table: jogos
[2025-07-26 16:42:36] [ERRO] Erro ao salvar na tabela times: no such table: times
[2025-07-26 16:42:38] [ERRO] Erro ao salvar na tabela times: no such table: times
[2025-07-26 16:42:41] [ERRO] Erro ao salvar na tabela times: no such table: times
[2025-07-26 16:42:43] [ERRO] Erro ao salvar na tabela ligas: no such table: ligas
[2025-07-26 16:42:44] [ERRO] Erro ao salvar na tabela ligas: no such table: ligas
[2025-07-26 16:42:45] [ERRO] Erro ao salvar na tabela ligas: no such table: ligas
[2025-07-26 16:42:47] [ERRO] Erro ao salvar na tabela ligas: no such table: ligas
[2025-07-26 16:42:48] [ERRO] Erro ao salvar na tabela ligas: no such table: ligas
[2025-07-26 16:42:49] [ERRO] Erro ao salvar na tabela ligas: no such table: ligas
[2025-07-26 16:42:50] [ERRO] Erro ao salvar na tabela ligas: no such table: ligas
[2025-07-26 16:42:51] [ERRO] Erro ao salvar na tabela ligas: no such table: ligas
[2025-07-26 16:42:52] [INFO] Coleta da TheSportsDB finalizada com sucesso
[2025-07-26 16:56:33] [INFO] Iniciando coleta completa da TheSportsDB
[2025-07-26 16:56:40] [ERRO] Erro ao salvar na tabela jogos: no such table: jogos
[2025-07-26 16:56:43] [ERRO] Erro ao salvar na tabela jogos: no such table: jogos
[2025-07-26 16:56:46] [ERRO] Erro ao salvar na tabela jogos: no such table: jogos
[2025-07-26 16:56:48] [ERRO] Erro ao salvar na tabela jogos: no such table: jogos
[2025-07-26 16:56:51] [ERRO] Erro ao salvar na tabela jogos: no such table: jogos
[2025-07-26 16:56:54] [ERRO] Erro ao salvar na tabela jogos: no such table: jogos
[2025-07-26 16:56:57] [ERRO] Erro ao salvar na tabela jogos: no such table: jogos
[2025-07-26 16:57:00] [ERRO] Erro ao salvar na tabela jogos: no such table: jogos
[2025-07-26 16:57:03] [ERRO] Erro ao salvar na tabela jogos: no such table: jogos
[2025-07-26 16:57:06] [ERRO] Erro ao salvar na tabela jogos: no such table: jogos
[2025-07-26 16:57:10] [ERRO] Erro ao salvar na tabela jogos: no such table: jogos
[2025-07-26 16:57:13] [ERRO] Erro ao salvar na tabela jogos: no such table: jogos
[2025-07-26 16:57:15] [ERRO] Erro ao salvar na tabela jogos: no such table: jogos
[2025-07-26 16:57:18] [ERRO] Erro ao salvar na tabela jogos: no such table: jogos
[2025-07-26 16:57:21] [ERRO] Erro ao salvar na tabela jogos: no such table: jogos
[2025-07-26 16:57:24] [ERRO] Erro ao salvar na tabela jogos: no such table: jogos
[2025-07-26 16:57:27] [ERRO] Erro ao salvar na tabela jogos: no such table: jogos
[2025-07-26 16:57:29] [ERRO] Erro ao salvar na tabela jogos: no such table: jogos
[2025-07-26 16:57:35] [ERRO] Erro ao salvar na tabela jogos: no such table: jogos
[2025-07-26 16:57:42] [ERRO] Erro ao salvar na tabela jogos: no such table: jogos
[2025-07-26 16:58:08] [INFO] Coleta da TheSportsDB finalizada com sucesso
[2025-07-26 18:22:26] [INFO] Iniciando coleta completa da TheSportsDB
[2025-07-26 18:22:33] [ERRO] Erro ao salvar na tabela jogos: no such table: jogos
[2025-07-26 18:22:37] [ERRO] Erro ao salvar na tabela jogos: no such table: jogos
[2025-07-26 18:22:39] [ERRO] Erro ao salvar na tabela jogos: no such table: jogos
[2025-07-26 18:22:42] [ERRO] Erro ao salvar na tabela jogos: no such table: jogos
[2025-07-26 18:22:45] [ERRO] Erro ao salvar na tabela jogos: no such table: jogos
[2025-07-26 18:22:48] [ERRO] Erro ao salvar na tabela jogos: no such table: jogos
[2025-07-26 18:22:50] [ERRO] Erro ao salvar na tabela jogos: no such table: jogos
[2025-07-26 18:22:53] [ERRO] Erro ao salvar na tabela jogos: no such table: jogos
[2025-07-26 18:22:56] [ERRO] Erro ao salvar na tabela jogos: no such table: jogos
[2025-07-26 18:22:59] [ERRO] Erro ao salvar na tabela jogos: no such table: jogos
[2025-07-26 18:23:03] [ERRO] Erro ao salvar na tabela jogos: no such table: jogos
[2025-07-26 18:23:06] [ERRO] Erro ao salvar na tabela jogos: no such table: jogos
[2025-07-26 18:23:09] [ERRO] Erro ao salvar na tabela jogos: no such table: jogos
[2025-07-26 18:23:11] [ERRO] Erro ao salvar na tabela jogos: no such table: jogos
[2025-07-26 18:23:14] [ERRO] Erro ao salvar na tabela jogos: no such table: jogos
[2025-07-26 18:23:17] [ERRO] Erro ao salvar na tabela jogos: no such table: jogos
[2025-07-26 18:23:20] [ERRO] Erro ao salvar na tabela jogos: no such table: jogos
[2025-07-26 18:23:23] [ERRO] Erro ao salvar na tabela jogos: no such table: jogos
[2025-07-26 18:23:37] [INFO] Coleta da TheSportsDB finalizada com sucesso
[2025-07-26 18:33:57] [INFO] Iniciando coleta completa da TheSportsDB
[2025-07-26 18:34:07] [ERRO] Erro ao salvar na tabela jogos: no such table: jogos
[2025-07-26 18:34:10] [ERRO] Erro ao salvar na tabela jogos: no such table: jogos
[2025-07-26 18:34:14] [ERRO] Erro ao salvar na tabela jogos: no such table: jogos
[2025-07-26 18:34:24] [ERRO] Erro ao salvar na tabela jogos: no such table: jogos
[2025-07-26 18:34:28] [ERRO] Erro ao salvar na tabela jogos: no such table: jogos
[2025-07-26 18:34:31] [ERRO] Erro ao salvar na tabela jogos: no such table: jogos
[2025-07-26 18:34:34] [ERRO] Erro ao salvar na tabela jogos: no such table: jogos
[2025-07-26 18:34:37] [ERRO] Erro ao salvar na tabela jogos: no such table: jogos
[2025-07-26 18:34:45] [ERRO] Erro ao salvar na tabela jogos: no such table: jogos
[2025-07-26 18:34:47] [ERRO] Erro ao salvar na tabela jogos: no such table: jogos
[2025-07-26 18:34:55] [ERRO] Erro ao salvar na tabela jogos: no such table: jogos
[2025-07-26 18:34:59] [ERRO] Erro ao salvar na tabela jogos: no such table: jogos
[2025-07-26 18:35:02] [ERRO] Erro ao salvar na tabela jogos: no such table: jogos
[2025-07-26 18:35:04] [ERRO] Erro ao salvar na tabela jogos: no such table: jogos
[2025-07-26 18:35:07] [ERRO] Erro ao salvar na tabela jogos: no such table: jogos
[2025-07-26 18:35:14] [ERRO] Erro ao salvar na tabela jogos: no such table: jogos
[2025-07-26 18:35:17] [ERRO] Erro ao salvar na tabela jogos: no such table: jogos
[2025-07-26 18:35:23] [ERRO] Erro ao salvar na tabela jogos: no such table: jogos
[2025-07-26 18:35:26] [ERRO] Erro ao salvar na tabela jogos: no such table: jogos
[2025-07-26 18:35:30] [ERRO] Erro ao salvar na tabela jogos: no such table: jogos
[2025-07-26 18:35:34] [ERRO] Erro ao salvar na tabela jogos: no such table: jogos
[2025-07-26 18:36:07] [INFO] Coleta da TheSportsDB finalizada com sucesso
[2025-07-26 18:54:58] [INFO] Iniciando coleta completa da TheSportsDB
[2025-07-26 19:20:38] [INFO] Iniciando coleta completa da TheSportsDB
[2025-07-26 19:20:44] [ERRO] Erro ao salvar na tabela jogos: no such table: jogos
[2025-07-26 19:20:47] [ERRO] Erro ao salvar na tabela jogos: no such table: jogos
[2025-07-26 19:20:50] [ERRO] Erro ao salvar na tabela jogos: no such table: jogos
[2025-07-26 19:20:53] [ERRO] Erro ao salvar na tabela jogos: no such table: jogos
[2025-07-26 19:20:55] [ERRO] Erro ao salvar na tabela jogos: no such table: jogos
[2025-07-26 19:20:58] [ERRO] Erro ao salvar na tabela jogos: no such table: jogos
[2025-07-26 19:21:01] [ERRO] Erro ao salvar na tabela jogos: no such table: jogos
[2025-07-26 19:21:04] [ERRO] Erro ao salvar na tabela jogos: no such table: jogos
[2025-07-26 19:21:06] [ERRO] Erro ao salvar na tabela jogos: no such table: jogos
[2025-07-26 19:21:09] [ERRO] Erro ao salvar na tabela jogos: no such table: jogos
[2025-07-26 19:21:13] [ERRO] Erro ao salvar na tabela jogos: no such table: jogos
[2025-07-26 19:21:16] [ERRO] Erro ao salvar na tabela jogos: no such table: jogos
[2025-07-26 19:21:19] [ERRO] Erro ao salvar na tabela jogos: no such table: jogos
[2025-07-26 19:21:21] [ERRO] Erro ao salvar na tabela jogos: no such table: jogos
[2025-07-26 19:21:24] [ERRO] Erro ao salvar na tabela jogos: no such table: jogos
[2025-07-26 19:21:27] [ERRO] Erro ao salvar na tabela jogos: no such table: jogos
[2025-07-26 19:21:30] [ERRO] Erro ao salvar na tabela jogos: no such table: jogos
[2025-07-26 19:21:46] [INFO] Coleta da TheSportsDB finalizada com sucesso
[2025-07-26 19:26:14] [INFO] Iniciando coleta completa da TheSportsDB
[2025-07-26 19:26:21] [ERRO] Erro ao salvar na tabela jogos: no such table: jogos
[2025-07-26 19:26:23] [ERRO] Erro ao salvar na tabela jogos: no such table: jogos
[2025-07-26 19:26:26] [ERRO] Erro ao salvar na tabela jogos: no such table: jogos
[2025-07-26 19:26:29] [ERRO] Erro ao salvar na tabela jogos: no such table: jogos
[2025-07-26 19:26:32] [ERRO] Erro ao salvar na tabela jogos: no such table: jogos
[2025-07-26 19:26:35] [ERRO] Erro ao salvar na tabela jogos: no such table: jogos
[2025-07-26 19:26:38] [ERRO] Erro ao salvar na tabela jogos: no such table: jogos
[2025-07-26 19:26:40] [ERRO] Erro ao salvar na tabela jogos: no such table: jogos
[2025-07-26 19:26:43] [ERRO] Erro ao salvar na tabela jogos: no such table: jogos
[2025-07-26 19:26:46] [ERRO] Erro ao salvar na tabela jogos: no such table: jogos
[2025-07-26 19:26:50] [ERRO] Erro ao salvar na tabela jogos: no such table: jogos
[2025-07-26 19:26:53] [ERRO] Erro ao salvar na tabela jogos: no such table: jogos
[2025-07-26 19:26:56] [ERRO] Erro ao salvar na tabela jogos: no such table: jogos
[2025-07-26 19:26:59] [ERRO] Erro ao salvar na tabela jogos: no such table: jogos
[2025-07-26 19:27:02] [ERRO] Erro ao salvar na tabela jogos: no such table: jogos
[2025-07-26 19:27:40] [ERRO] Erro ao salvar na tabela jogos: no such table: jogos
[2025-07-26 19:27:47] [INFO] Coleta da TheSportsDB finalizada com sucesso
[2025-07-26 19:46:07] [INFO] Iniciando coleta completa da TheSportsDB
[2025-07-26 19:46:13] [ERRO] Erro ao salvar na tabela jogos: no such table: jogos
[2025-07-26 19:46:16] [ERRO] Erro ao salvar na tabela jogos: no such table: jogos
[2025-07-26 19:46:19] [ERRO] Erro ao salvar na tabela jogos: no such table: jogos
[2025-07-26 19:46:22] [ERRO] Erro ao salvar na tabela jogos: no such table: jogos
[2025-07-26 19:46:25] [ERRO] Erro ao salvar na tabela jogos: no such table: jogos
[2025-07-26 19:46:27] [ERRO] Erro ao salvar na tabela jogos: no such table: jogos
[2025-07-26 19:46:30] [ERRO] Erro ao salvar na tabela jogos: no such table: jogos
[2025-07-26 19:46:33] [ERRO] Erro ao salvar na tabela jogos: no such table: jogos
[2025-07-26 19:46:36] [ERRO] Erro ao salvar na tabela jogos: no such table: jogos
[2025-07-26 19:46:39] [ERRO] Erro ao salvar na tabela jogos: no such table: jogos
[2025-07-26 19:46:43] [ERRO] Erro ao salvar na tabela jogos: no such table: jogos
[2025-07-26 19:46:45] [ERRO] Erro ao salvar na tabela jogos: no such table: jogos
[2025-07-26 19:46:49] [ERRO] Erro ao salvar na tabela jogos: no such table: jogos
[2025-07-26 19:47:15] [INFO] Coleta da TheSportsDB finalizada com sucesso
