2025-08-13 22:08:09,287 - INFO - ============================================================
2025-08-13 22:08:09,287 - INFO - === DEMO: Integracao com APIs de Apostas ===
2025-08-13 22:08:09,287 - INFO - Coletando odds em tempo real...
2025-08-13 22:08:10,288 - INFO - Coletando resultados historicos...
2025-08-13 22:08:11,288 - INFO - Realizando analise de mercado...
2025-08-13 22:08:12,290 - INFO - === DEMO: Dashboard Web ===
2025-08-13 22:08:12,291 - INFO - Gerando graficos do sistema...
2025-08-13 22:08:13,291 - INFO - Gerando graficos de performance...
2025-08-13 22:08:14,292 - INFO - Gerando graficos de apostas...
2025-08-13 22:08:15,295 - INFO -    Acesse o arquivo HTML para visualizar
2025-08-13 22:08:15,295 - INFO - === DEMO: Pipeline de Automacao ===
2025-08-13 22:08:15,301 - INFO - Executando pipeline de validacao...
2025-08-13 22:08:16,303 - INFO - === DEMO: Orquestracao Kubernetes ===
2025-08-13 22:08:16,305 - INFO -    - apostapro-ml_namespace.yml
2025-08-13 22:08:16,305 - INFO -    - apostapro-ml_quota.yml
2025-08-13 22:08:16,305 - INFO -    - data_validation_deployment.yml
2025-08-13 22:08:16,305 - INFO -    - data_validation_docker-compose.yml
2025-08-13 22:08:16,305 - INFO -    - data_validation_service.yml
2025-08-13 22:08:16,305 - INFO - Configurando namespaces...
2025-08-13 22:08:17,306 - INFO - Configurando deployments...
2025-08-13 22:08:18,306 - INFO - Configurando monitoramento...
2025-08-13 22:08:19,309 - INFO - === DEMO: Sistema de Monitoramento ===
2025-08-13 22:08:19,309 - INFO - Coletando metricas do sistema...
2025-08-13 22:08:20,311 - INFO -    CPU: 45%
2025-08-13 22:08:20,311 - INFO -    Memoria: 60%
2025-08-13 22:08:20,311 - INFO -    Modelos saudaveis: 3
2025-08-13 22:08:20,311 - INFO - ============================================================
2025-08-13 22:08:20,313 - INFO - ============================================================
2025-08-13 22:08:20,323 - INFO -    - Configuracoes em: configs/
2025-08-13 22:08:20,323 - INFO -    - Dashboard em: monitoring/advanced_web_dashboard/
2025-08-13 22:08:20,323 - INFO -    - Logs em: demo_ml_system.log
2025-08-13 22:08:20,324 - INFO -    1. Configure suas chaves de API no arquivo .env
2025-08-13 22:08:20,325 - INFO -    2. Execute o sistema completo: python run_complete_ml_system.py
2025-08-13 22:08:20,325 - INFO -    3. Acesse o dashboard: abra monitoring/advanced_web_dashboard/dashboard.html
2025-08-13 22:08:20,325 - INFO - ============================================================
